#
# A fatal error has been detected by the Java Runtime Environment:
#
#  SIGSEGV (0xb) at pc=0x00007f26f13964db, pid=16408, tid=139804721706752
#
# JRE version: 6.0_30-b30
# Java VM: OpenJDK 64-Bit Server VM (23.25-b01 mixed mode linux-amd64 compressed oops)
# Problematic frame:
# J  java.awt.Container.validate()V
#
# Failed to write core dump. Core dumps have been disabled. To enable core dumping, try "ulimit -c unlimited" before starting Java again
#
# If you would like to submit a bug report, please include
# instructions how to reproduce the bug and visit:
#   https://bugs.launchpad.net/ubuntu/+source/openjdk-6/
#

---------------  T H R E A D  ---------------

Current thread (0x00007f26f467e000):  JavaThread "AWT-EventQueue-0" [_thread_in_Java, id=16430, stack(0x00007f26d2b67000,0x00007f26d2c68000)]

siginfo:si_signo=SIGSEGV: si_errno=0, si_code=1 (SEGV_MAPERR), si_addr=0x0000000000000008

Registers:
RAX=0x0000000000000000, RBX=0x0000000784d1be48, RCX=0x0000000784e5ed10, RDX=0x0000000000000000
RSP=0x00007f26d2c65340, RBP=0x0000000000000000, RSI=0x00007f26d2c652e0, RDI=0x0000000000000001
R8 =0x0000000000000000, R9 =0x00000000f09a37c9, R10=0x0000000000000000, R11=0x00000000fb38adca
R12=0x0000000000000000, R13=0x00007f26f13964cc, R14=0x00007f26d2c65338, R15=0x00007f26f467e000
RIP=0x00007f26f13964db, EFLAGS=0x0000000000010246, CSGSFS=0x0000000000000033, ERR=0x0000000000000004
  TRAPNO=0x000000000000000e

Top of Stack: (sp=0x00007f26d2c65340)
0x00007f26d2c65340:   0000000784d77e10 0000000784d1be48
0x00007f26d2c65350:   0000000784a0f968 0000000000000001
0x00007f26d2c65360:   00007f26d2c653a0 00007f26fc820887
0x00007f26d2c65370:   000000077a5209e8 0000000000000000
0x00007f26d2c65380:   0000000000000007 0000000000000000
0x00007f26d2c65390:   0000000000000001 00007f26f467e000
0x00007f26d2c653a0:   00007f26d2c65400 00007f26f1005e9a
0x00007f26d2c653b0:   00007f26f1005e9a 0000000784db1ba8
0x00007f26d2c653c0:   00007f26d2c653c0 000000077b2b0d5c
0x00007f26d2c653d0:   00007f26d2c65410 000000077b2b1178
0x00007f26d2c653e0:   0000000000000000 000000077b2b0d78
0x00007f26d2c653f0:   00007f26d2c653b8 00007f26d2c65410
0x00007f26d2c65400:   00007f26d2c65458 00007f26f1005ff3
0x00007f26d2c65410:   00000007d9af0d38 00007f26d2c65418
0x00007f26d2c65420:   000000077b2b0e49 00007f26d2c65468
0x00007f26d2c65430:   000000077b2b1178 0000000000000000
0x00007f26d2c65440:   000000077b2b0e60 00007f26d2c65410
0x00007f26d2c65450:   00007f26d2c65468 00007f26d2c654d0
0x00007f26d2c65460:   00007f26f10004f7 00000007d9af0d38
0x00007f26d2c65470:   00007f2600001fa5 00007f26a4036aa8
0x00007f26d2c65480:   00007f26d2c65a10 00007f26d2c658f0
0x00007f26d2c65490:   00007f26a4036ab0 00007f26f467e000
0x00007f26d2c654a0:   00007f26d2c65510 00007f26d2c65a18
0x00007f26d2c654b0:   00007f260000000c 000000077b2b0e60
0x00007f26d2c654c0:   00007f26f100fb60 00007f26d2c658f8
0x00007f26d2c654d0:   00007f26d2c655b0 00007f26fc66ffef
0x00007f26d2c654e0:   00007f2600000001 00007f26f467e000
0x00007f26d2c654f0:   000000077a2b32e8 00007f26f40260e0
0x00007f26d2c65500:   00007f26f100fb60 010000000000000c
0x00007f26d2c65510:   00007f26f467e000 00007f2690000ee0
0x00007f26d2c65520:   000000077b2b0e60 00000007d9af0d38
0x00007f26d2c65530:   00007f26d2c65b10 00007f26f1011764 

Instructions: (pc=0x00007f26f13964db)
0x00007f26f13964bb:   f5 66 66 90 e8 9c 17 ca ff 33 f6 90 e8 0e 5d 00
0x00007f26f13964cb:   00 48 89 04 24 66 66 90 e8 68 29 e3 ff 48 8b e8
0x00007f26f13964db:   44 8b 58 08 4f 8b 54 dc 68 49 b8 d0 2a 11 7b 07
0x00007f26f13964eb:   00 00 00 4d 3b d0 0f 85 d9 0d 00 00 41 81 fb 44 

Register to memory mapping:

RAX=0x0000000000000000 is an unknown value
RBX=0x0000000784d1be48 is an oop
java.util.concurrent.locks.ReentrantLock$NonfairSync 
 - klass: 'java/util/concurrent/locks/ReentrantLock$NonfairSync'
RCX=0x0000000784e5ed10 is an oop
java.awt.EventDispatchThread 
 - klass: 'java/awt/EventDispatchThread'
RDX=0x0000000000000000 is an unknown value
RSP=0x00007f26d2c65340 is pointing into the stack for thread: 0x00007f26f467e000
RBP=0x0000000000000000 is an unknown value
RSI=0x00007f26d2c652e0 is pointing into the stack for thread: 0x00007f26f467e000
RDI=0x0000000000000001 is an unknown value
R8 =0x0000000000000000 is an unknown value
R9 =0x00000000f09a37c9 is an unknown value
R10=0x0000000000000000 is an unknown value
R11=0x00000000fb38adca is an unknown value
R12=0x0000000000000000 is an unknown value
R13=0x00007f26f1395010 [CodeBlob (0x00007f26f1395010)]
Framesize: 14
R14=0x00007f26d2c65338 is pointing into the stack for thread: 0x00007f26f467e000
R15=0x00007f26f467e000 is a thread


Stack: [0x00007f26d2b67000,0x00007f26d2c68000],  sp=0x00007f26d2c65340,  free space=1016k
Native frames: (J=compiled Java code, j=interpreted, Vv=VM code, C=native code)
J  java.awt.Container.validate()V

[error occurred during error reporting (printing native stack), id 0xb]


---------------  P R O C E S S  ---------------

Java Threads: ( => current thread )
  0x00007f264807e000 JavaThread "Thread-2039" daemon [_thread_blocked, id=19612, stack(0x00007f26d12e3000,0x00007f26d13e4000)]
  0x00007f267c001000 JavaThread "Thread-2036" daemon [_thread_in_native, id=19609, stack(0x00007f26d0edf000,0x00007f26d0fe0000)]
  0x00007f269009c000 JavaThread "HSQLDB Timer @4cbde97a" daemon [_thread_blocked, id=16658, stack(0x00007f26d29be000,0x00007f26d2abf000)]
  0x00007f268001c000 JavaThread "MultiThreadedHttpConnectionManager cleanup" daemon [_thread_blocked, id=16443, stack(0x00007f26d2213000,0x00007f26d2314000)]
  0x00007f2690048000 JavaThread "Thread-4" daemon [_thread_in_native, id=16435, stack(0x00007f26d27bc000,0x00007f26d28bd000)]
  0x00007f2690024000 JavaThread "TimerQueue" daemon [_thread_blocked, id=16434, stack(0x00007f26d3189000,0x00007f26d328a000)]
  0x00007f26f4009800 JavaThread "DestroyJavaVM" [_thread_blocked, id=16409, stack(0x00007f26fb842000,0x00007f26fb943000)]
  0x00007f26f481a000 JavaThread "Thread-2" daemon [_thread_blocked, id=16432, stack(0x00007f26d28bd000,0x00007f26d29be000)]
=>0x00007f26f467e000 JavaThread "AWT-EventQueue-0" [_thread_in_Java, id=16430, stack(0x00007f26d2b67000,0x00007f26d2c68000)]
  0x00007f26f4665000 JavaThread "AWT-Shutdown" [_thread_blocked, id=16429, stack(0x00007f26d2c68000,0x00007f26d2d69000)]
  0x00007f26f4402800 JavaThread "AWT-XAWT" daemon [_thread_in_native, id=16427, stack(0x00007f26d328a000,0x00007f26d338b000)]
  0x00007f26f4357800 JavaThread "Java2D Disposer" daemon [_thread_blocked, id=16426, stack(0x00007f26d380a000,0x00007f26d390b000)]
  0x00007f26f4103000 JavaThread "Low Memory Detector" daemon [_thread_blocked, id=16424, stack(0x00007f26dab0f000,0x00007f26dac10000)]
  0x00007f26f4100800 JavaThread "C2 CompilerThread1" daemon [_thread_blocked, id=16423, stack(0x00007f26dac10000,0x00007f26dad11000)]
  0x00007f26f40fe000 JavaThread "C2 CompilerThread0" daemon [_thread_blocked, id=16422, stack(0x00007f26dad11000,0x00007f26dae12000)]
  0x00007f26f40fb800 JavaThread "Signal Dispatcher" daemon [_thread_blocked, id=16421, stack(0x00007f26dae12000,0x00007f26daf13000)]
  0x00007f26f40ad000 JavaThread "Finalizer" daemon [_thread_blocked, id=16420, stack(0x00007f26db5f6000,0x00007f26db6f7000)]
  0x00007f26f40ab000 JavaThread "Reference Handler" daemon [_thread_blocked, id=16419, stack(0x00007f26db6f7000,0x00007f26db7f8000)]

Other Threads:
  0x00007f26f409c000 VMThread [stack: 0x00007f26db7f8000,0x00007f26db8f9000] [id=16418]
  0x00007f26f410e000 WatcherThread [stack: 0x00007f26daa0e000,0x00007f26dab0f000] [id=16425]

VM state:not at safepoint (normal execution)

VM Mutex/Monitor currently owned by a thread: None

Heap
 PSYoungGen      total 344640K, used 224339K [0x00000007d6d60000, 0x00000007ee030000, 0x0000000800000000)
  eden space 311232K, 64% used [0x00000007d6d60000,0x00000007e30a5310,0x00000007e9d50000)
  from space 33408K, 72% used [0x00000007ebea0000,0x00000007ed66fae0,0x00000007edf40000)
  to   space 34112K, 0% used [0x00000007e9d50000,0x00000007e9d50000,0x00000007ebea0000)
 ParOldGen       total 100096K, used 84788K [0x0000000784800000, 0x000000078a9c0000, 0x00000007d6d60000)
  object space 100096K, 84% used [0x0000000784800000,0x0000000789acd368,0x000000078a9c0000)
 PSPermGen       total 56000K, used 28750K [0x000000077a200000, 0x000000077d8b0000, 0x0000000784800000)
  object space 56000K, 51% used [0x000000077a200000,0x000000077be13950,0x000000077d8b0000)

Card table byte_map: [0x00007f26fa2c6000,0x00007f26fa6f6000] byte_map_base: 0x00007f26f66f5000

Polling page: 0x00007f26fdc11000

Code Cache  [0x00007f26f1000000, 0x00007f26f13c0000, 0x00007f26f4000000)
 total_blobs=1642 nmethods=1070 adapters=524 free_code_cache=45463Kb largest_free_block=46462976

Compilation events (10 events):
Event: 15726.512 Thread 0x00007f26f40fe000 1094             java.util.concurrent.locks.LockSupport::unpark (12 bytes)
Event: 15726.512 Thread 0x00007f26f40fe000 nmethod 1094 0x00007f26f1387c50 code [0x00007f26f1387da0, 0x00007f26f1387e08]
Event: 15731.784 Thread 0x00007f26f4100800 1095             java.awt.GridBagLayout::AdjustForGravity (1071 bytes)
Event: 15731.790 Thread 0x00007f26f4100800 nmethod 1095 0x00007f26f138a2d0 code [0x00007f26f138a4a0, 0x00007f26f138a9e0]
Event: 15882.442 Thread 0x00007f26f40fe000 1096             javax.swing.DefaultListModel::getSize (8 bytes)
Event: 15882.444 Thread 0x00007f26f40fe000 nmethod 1096 0x00007f26f1389e90 code [0x00007f26f1389fc0, 0x00007f26f138a1f8]
Event: 15996.332 Thread 0x00007f26f4100800 1099             java.awt.Component::setBoundsOp (51 bytes)
Event: 15996.332 Thread 0x00007f26f4100800 nmethod 1099 0x00007f26f1389c90 code [0x00007f26f1389dc0, 0x00007f26f1389e38]
Event: 16066.284 Thread 0x00007f26f40fe000 1100   !         java.awt.Container::validate (100 bytes)
Event: 16066.619 Thread 0x00007f26f40fe000 nmethod 1100 0x00007f26f1395010 code [0x00007f26f13960c0, 0x00007f26f139cd40]

GC Heap History (10 events):
Event: 16000.539 GC heap before
{Heap before GC invocations=277 (full 5):
 PSYoungGen      total 251072K, used 250258K [0x00000007d6d60000, 0x00000007e9340000, 0x0000000800000000)
  eden space 230464K, 99% used [0x00000007d6d60000,0x00000007e4da63f0,0x00000007e4e70000)
  from space 20608K, 99% used [0x00000007e5d40000,0x00000007e715e778,0x00000007e7160000)
  to   space 33024K, 0% used [0x00000007e7300000,0x00000007e7300000,0x00000007e9340000)
 ParOldGen       total 100096K, used 76223K [0x0000000784800000, 0x000000078a9c0000, 0x00000007d6d60000)
  object space 100096K, 76% used [0x0000000784800000,0x000000078926fd20,0x000000078a9c0000)
 PSPermGen       total 56000K, used 28749K [0x000000077a200000, 0x000000077d8b0000, 0x0000000784800000)
  object space 56000K, 51% used [0x000000077a200000,0x000000077be13738,0x000000077d8b0000)
Event: 16000.543 GC heap after
Heap after GC invocations=277 (full 5):
 PSYoungGen      total 237568K, used 11986K [0x00000007d6d60000, 0x00000007e83d0000, 0x0000000800000000)
  eden space 220352K, 0% used [0x00000007d6d60000,0x00000007d6d60000,0x00000007e4490000)
  from space 17216K, 69% used [0x00000007e7300000,0x00000007e7eb4838,0x00000007e83d0000)
  to   space 32384K, 0% used [0x00000007e4490000,0x00000007e4490000,0x00000007e6430000)
 ParOldGen       total 100096K, used 76287K [0x0000000784800000, 0x000000078a9c0000, 0x00000007d6d60000)
  object space 100096K, 76% used [0x0000000784800000,0x000000078927fc88,0x000000078a9c0000)
 PSPermGen       total 56000K, used 28749K [0x000000077a200000, 0x000000077d8b0000, 0x0000000784800000)
  object space 56000K, 51% used [0x000000077a200000,0x000000077be13738,0x000000077d8b0000)
}
Event: 16000.767 GC heap before
{Heap before GC invocations=278 (full 5):
 PSYoungGen      total 237568K, used 231941K [0x00000007d6d60000, 0x00000007e83d0000, 0x0000000800000000)
  eden space 220352K, 99% used [0x00000007d6d60000,0x00000007e442ce40,0x00000007e4490000)
  from space 17216K, 69% used [0x00000007e7300000,0x00000007e7eb4838,0x00000007e83d0000)
  to   space 32384K, 0% used [0x00000007e4490000,0x00000007e4490000,0x00000007e6430000)
 ParOldGen       total 100096K, used 76287K [0x0000000784800000, 0x000000078a9c0000, 0x00000007d6d60000)
  object space 100096K, 76% used [0x0000000784800000,0x000000078927fc88,0x000000078a9c0000)
 PSPermGen       total 56000K, used 28750K [0x000000077a200000, 0x000000077d8b0000, 0x0000000784800000)
  object space 56000K, 51% used [0x000000077a200000,0x000000077be13950,0x000000077d8b0000)
Event: 16000.779 GC heap after
Heap after GC invocations=278 (full 5):
 PSYoungGen      total 252736K, used 23633K [0x00000007d6d60000, 0x00000007eaee0000, 0x0000000800000000)
  eden space 220352K, 0% used [0x00000007d6d60000,0x00000007d6d60000,0x00000007e4490000)
  from space 32384K, 72% used [0x00000007e4490000,0x00000007e5ba4460,0x00000007e6430000)
  to   space 33344K, 0% used [0x00000007e8e50000,0x00000007e8e50000,0x00000007eaee0000)
 ParOldGen       total 100096K, used 78832K [0x0000000784800000, 0x000000078a9c0000, 0x00000007d6d60000)
  object space 100096K, 78% used [0x0000000784800000,0x00000007894fc310,0x000000078a9c0000)
 PSPermGen       total 56000K, used 28750K [0x000000077a200000, 0x000000077d8b0000, 0x0000000784800000)
  object space 56000K, 51% used [0x000000077a200000,0x000000077be13950,0x000000077d8b0000)
}
Event: 16001.554 GC heap before
{Heap before GC invocations=279 (full 5):
 PSYoungGen      total 252736K, used 243768K [0x00000007d6d60000, 0x00000007eaee0000, 0x0000000800000000)
  eden space 220352K, 99% used [0x00000007d6d60000,0x00000007e4459cf0,0x00000007e4490000)
  from space 32384K, 72% used [0x00000007e4490000,0x00000007e5ba4460,0x00000007e6430000)
  to   space 33344K, 0% used [0x00000007e8e50000,0x00000007e8e50000,0x00000007eaee0000)
 ParOldGen       total 100096K, used 78832K [0x0000000784800000, 0x000000078a9c0000, 0x00000007d6d60000)
  object space 100096K, 78% used [0x0000000784800000,0x00000007894fc310,0x000000078a9c0000)
 PSPermGen       total 56000K, used 28750K [0x000000077a200000, 0x000000077d8b0000, 0x0000000784800000)
  object space 56000K, 51% used [0x000000077a200000,0x000000077be13950,0x000000077d8b0000)
Event: 16001.567 GC heap after
Heap after GC invocations=279 (full 5):
 PSYoungGen      total 294848K, used 20463K [0x00000007d6d60000, 0x00000007eadf0000, 0x0000000800000000)
  eden space 262464K, 0% used [0x00000007d6d60000,0x00000007d6d60000,0x00000007e6db0000)
  from space 32384K, 63% used [0x00000007e8e50000,0x00000007ea24bcd8,0x00000007eadf0000)
  to   space 32896K, 0% used [0x00000007e6db0000,0x00000007e6db0000,0x00000007e8dd0000)
 ParOldGen       total 100096K, used 80667K [0x0000000784800000, 0x000000078a9c0000, 0x00000007d6d60000)
  object space 100096K, 80% used [0x0000000784800000,0x00000007896c6c20,0x000000078a9c0000)
 PSPermGen       total 56000K, used 28750K [0x000000077a200000, 0x000000077d8b0000, 0x0000000784800000)
  object space 56000K, 51% used [0x000000077a200000,0x000000077be13950,0x000000077d8b0000)
}
Event: 16065.322 GC heap before
{Heap before GC invocations=280 (full 5):
 PSYoungGen      total 294848K, used 281792K [0x00000007d6d60000, 0x00000007eadf0000, 0x0000000800000000)
  eden space 262464K, 99% used [0x00000007d6d60000,0x00000007e6c94378,0x00000007e6db0000)
  from space 32384K, 63% used [0x00000007e8e50000,0x00000007ea24bcd8,0x00000007eadf0000)
  to   space 32896K, 0% used [0x00000007e6db0000,0x00000007e6db0000,0x00000007e8dd0000)
 ParOldGen       total 100096K, used 80667K [0x0000000784800000, 0x000000078a9c0000, 0x00000007d6d60000)
  object space 100096K, 80% used [0x0000000784800000,0x00000007896c6c20,0x000000078a9c0000)
 PSPermGen       total 56000K, used 28750K [0x000000077a200000, 0x000000077d8b0000, 0x0000000784800000)
  object space 56000K, 51% used [0x000000077a200000,0x000000077be13950,0x000000077d8b0000)
Event: 16065.328 GC heap after
Heap after GC invocations=280 (full 5):
 PSYoungGen      total 295360K, used 23245K [0x00000007d6d60000, 0x00000007edf40000, 0x0000000800000000)
  eden space 262464K, 0% used [0x00000007d6d60000,0x00000007d6d60000,0x00000007e6db0000)
  from space 32896K, 70% used [0x00000007e6db0000,0x00000007e8463790,0x00000007e8dd0000)
  to   space 33408K, 0% used [0x00000007ebea0000,0x00000007ebea0000,0x00000007edf40000)
 ParOldGen       total 100096K, used 83222K [0x0000000784800000, 0x000000078a9c0000, 0x00000007d6d60000)
  object space 100096K, 83% used [0x0000000784800000,0x0000000789945b70,0x000000078a9c0000)
 PSPermGen       total 56000K, used 28750K [0x000000077a200000, 0x000000077d8b0000, 0x0000000784800000)
  object space 56000K, 51% used [0x000000077a200000,0x000000077be13950,0x000000077d8b0000)
}
Event: 16066.228 GC heap before
{Heap before GC invocations=281 (full 5):
 PSYoungGen      total 295360K, used 285250K [0x00000007d6d60000, 0x00000007edf40000, 0x0000000800000000)
  eden space 262464K, 99% used [0x00000007d6d60000,0x00000007e6d3d248,0x00000007e6db0000)
  from space 32896K, 70% used [0x00000007e6db0000,0x00000007e8463790,0x00000007e8dd0000)
  to   space 33408K, 0% used [0x00000007ebea0000,0x00000007ebea0000,0x00000007edf40000)
 ParOldGen       total 100096K, used 83222K [0x0000000784800000, 0x000000078a9c0000, 0x00000007d6d60000)
  object space 100096K, 83% used [0x0000000784800000,0x0000000789945b70,0x000000078a9c0000)
 PSPermGen       total 56000K, used 28750K [0x000000077a200000, 0x000000077d8b0000, 0x0000000784800000)
  object space 56000K, 51% used [0x000000077a200000,0x000000077be13950,0x000000077d8b0000)
Event: 16066.234 GC heap after
Heap after GC invocations=281 (full 5):
 PSYoungGen      total 344640K, used 24382K [0x00000007d6d60000, 0x00000007ee030000, 0x0000000800000000)
  eden space 311232K, 0% used [0x00000007d6d60000,0x00000007d6d60000,0x00000007e9d50000)
  from space 33408K, 72% used [0x00000007ebea0000,0x00000007ed66fae0,0x00000007edf40000)
  to   space 34112K, 0% used [0x00000007e9d50000,0x00000007e9d50000,0x00000007ebea0000)
 ParOldGen       total 100096K, used 84788K [0x0000000784800000, 0x000000078a9c0000, 0x00000007d6d60000)
  object space 100096K, 84% used [0x0000000784800000,0x0000000789acd368,0x000000078a9c0000)
 PSPermGen       total 56000K, used 28750K [0x000000077a200000, 0x000000077d8b0000, 0x0000000784800000)
  object space 56000K, 51% used [0x000000077a200000,0x000000077be13950,0x000000077d8b0000)
}

Deoptimization events (10 events):
Event: 15433.573 Thread 0x00007f267c021000 Uncommon trap -34 fr.pc 0x00007f26f1108998
Event: 15433.573 Thread 0x00007f267c021000 Uncommon trap -34 fr.pc 0x00007f26f1108998
Event: 15433.573 Thread 0x00007f267c021000 Uncommon trap -34 fr.pc 0x00007f26f1108998
Event: 15505.919 Thread 0x00007f262c001000 Uncommon trap -122 fr.pc 0x00007f26f12e7bc0
Event: 15505.919 Thread 0x00007f262c001000 Uncommon trap -34 fr.pc 0x00007f26f10f63c8
Event: 15505.919 Thread 0x00007f262c001000 Uncommon trap -34 fr.pc 0x00007f26f10f63c8
Event: 15505.919 Thread 0x00007f262c001000 Uncommon trap -34 fr.pc 0x00007f26f10f63c8
Event: 15505.919 Thread 0x00007f262c001000 Uncommon trap -34 fr.pc 0x00007f26f10f63c8
Event: 15506.090 Thread 0x00007f262c001000 Uncommon trap -12 fr.pc 0x00007f26f1160cd4
Event: 15506.090 Thread 0x00007f262c001000 Uncommon trap -12 fr.pc 0x00007f26f1154088

Internal exceptions (10 events):
Event: 16003.194 Thread 0x00007f267c011800 Threw 0x00000007e45d1ac0 at /build/buildd/openjdk-6-6b30-1.13.1/build/openjdk/hotspot/src/share/vm/prims/jni.cpp:742
Event: 16003.199 Thread 0x00007f267c021000 Threw 0x00000007e4619e80 at /build/buildd/openjdk-6-6b30-1.13.1/build/openjdk/hotspot/src/share/vm/prims/jni.cpp:742
Event: 16003.244 Thread 0x00007f267c01f000 Threw 0x00000007e4662240 at /build/buildd/openjdk-6-6b30-1.13.1/build/openjdk/hotspot/src/share/vm/prims/jni.cpp:742
Event: 16003.246 Thread 0x00007f267c023800 Threw 0x00000007e46aa600 at /build/buildd/openjdk-6-6b30-1.13.1/build/openjdk/hotspot/src/share/vm/prims/jni.cpp:742
Event: 16003.246 Thread 0x00007f267c004800 Threw 0x00000007e46f29c0 at /build/buildd/openjdk-6-6b30-1.13.1/build/openjdk/hotspot/src/share/vm/prims/jni.cpp:742
Event: 16003.301 Thread 0x00007f267c010000 Threw 0x00000007e473ad80 at /build/buildd/openjdk-6-6b30-1.13.1/build/openjdk/hotspot/src/share/vm/prims/jni.cpp:742
Event: 16003.379 Thread 0x00007f267c00c800 Threw 0x00000007e4783140 at /build/buildd/openjdk-6-6b30-1.13.1/build/openjdk/hotspot/src/share/vm/prims/jni.cpp:742
Event: 16065.894 Thread 0x00007f267c001000 Threw 0x00000007df232a30 at /build/buildd/openjdk-6-6b30-1.13.1/build/openjdk/hotspot/src/share/vm/prims/jni.cpp:742
Event: 16067.373 Thread 0x00007f267c001000 Threw 0x00000007d9c6eab0 at /build/buildd/openjdk-6-6b30-1.13.1/build/openjdk/hotspot/src/share/vm/prims/jni.cpp:742
Event: 16067.725 Thread 0x00007f26f467e000 Implicit null exception at 0x00007f26f13964db to 0x0000000000000000

Events (10 events):
Event: 16063.915 Thread 0x00007f267c001000 Thread added: 0x00007f267c001000
Event: 16065.277 Thread 0x00007f264807e000 Thread added: 0x00007f264807e000
Event: 16065.322 Executing VM operation: ParallelGCFailedAllocation
Event: 16065.328 Executing VM operation: ParallelGCFailedAllocation done
Event: 16065.463 Thread 0x00007f264807e000 Thread exited: 0x00007f264807e000
Event: 16066.105 Thread 0x00007f264807e000 Thread added: 0x00007f264807e000
Event: 16066.228 Executing VM operation: ParallelGCFailedAllocation
Event: 16066.234 Executing VM operation: ParallelGCFailedAllocation done
Event: 16066.286 Thread 0x00007f264807e000 Thread exited: 0x00007f264807e000
Event: 16067.584 Thread 0x00007f264807e000 Thread added: 0x00007f264807e000


Dynamic libraries:
00400000-00409000 r-xp 00000000 08:02 8013199                            /usr/lib/jvm/java-6-openjdk-amd64/jre/bin/java
00608000-00609000 r--p 00008000 08:02 8013199                            /usr/lib/jvm/java-6-openjdk-amd64/jre/bin/java
00609000-0060a000 rw-p 00009000 08:02 8013199                            /usr/lib/jvm/java-6-openjdk-amd64/jre/bin/java
012af000-012d0000 rw-p 00000000 00:00 0                                  [heap]
77a200000-77d8b0000 rw-p 00000000 00:00 0 
77d8b0000-77df50000 ---p 00000000 00:00 0 
77df50000-784800000 rw-p 00000000 00:00 0 
784800000-78a9c0000 rw-p 00000000 00:00 0 
78a9c0000-7d6d60000 rw-p 00000000 00:00 0 
7d6d60000-7ee030000 rw-p 00000000 00:00 0 
7ee030000-7f4c20000 ---p 00000000 00:00 0 
7f4c20000-800000000 rw-p 00000000 00:00 0 
7f25e4000000-7f25e4021000 rw-p 00000000 00:00 0 
7f25e4021000-7f25e8000000 ---p 00000000 00:00 0 
7f25ec000000-7f25ec021000 rw-p 00000000 00:00 0 
7f25ec021000-7f25f0000000 ---p 00000000 00:00 0 
7f25f0000000-7f25f0094000 rw-p 00000000 00:00 0 
7f25f0094000-7f25f4000000 ---p 00000000 00:00 0 
7f25f4000000-7f25f4021000 rw-p 00000000 00:00 0 
7f25f4021000-7f25f8000000 ---p 00000000 00:00 0 
7f25f8000000-7f25f8093000 rw-p 00000000 00:00 0 
7f25f8093000-7f25fc000000 ---p 00000000 00:00 0 
7f25fc000000-7f25fc021000 rw-p 00000000 00:00 0 
7f25fc021000-7f2600000000 ---p 00000000 00:00 0 
7f2600000000-7f260009b000 rw-p 00000000 00:00 0 
7f260009b000-7f2604000000 ---p 00000000 00:00 0 
7f2604000000-7f2604021000 rw-p 00000000 00:00 0 
7f2604021000-7f2608000000 ---p 00000000 00:00 0 
7f2608000000-7f2608021000 rw-p 00000000 00:00 0 
7f2608021000-7f260c000000 ---p 00000000 00:00 0 
7f260c000000-7f260c021000 rw-p 00000000 00:00 0 
7f260c021000-7f2610000000 ---p 00000000 00:00 0 
7f2610000000-7f2610021000 rw-p 00000000 00:00 0 
7f2610021000-7f2614000000 ---p 00000000 00:00 0 
7f2614000000-7f2614021000 rw-p 00000000 00:00 0 
7f2614021000-7f2618000000 ---p 00000000 00:00 0 
7f2618000000-7f2618021000 rw-p 00000000 00:00 0 
7f2618021000-7f261c000000 ---p 00000000 00:00 0 
7f261c000000-7f261c0a3000 rw-p 00000000 00:00 0 
7f261c0a3000-7f2620000000 ---p 00000000 00:00 0 
7f2620000000-7f2620021000 rw-p 00000000 00:00 0 
7f2620021000-7f2624000000 ---p 00000000 00:00 0 
7f2624000000-7f2624021000 rw-p 00000000 00:00 0 
7f2624021000-7f2628000000 ---p 00000000 00:00 0 
7f2628000000-7f2628095000 rw-p 00000000 00:00 0 
7f2628095000-7f262c000000 ---p 00000000 00:00 0 
7f262c000000-7f262c128000 rw-p 00000000 00:00 0 
7f262c128000-7f2630000000 ---p 00000000 00:00 0 
7f2630000000-7f2630121000 rw-p 00000000 00:00 0 
7f2630121000-7f2634000000 ---p 00000000 00:00 0 
7f2634000000-7f2634040000 rw-p 00000000 00:00 0 
7f2634040000-7f2638000000 ---p 00000000 00:00 0 
7f2638000000-7f2638021000 rw-p 00000000 00:00 0 
7f2638021000-7f263c000000 ---p 00000000 00:00 0 
7f263c000000-7f263c12a000 rw-p 00000000 00:00 0 
7f263c12a000-7f2640000000 ---p 00000000 00:00 0 
7f2640000000-7f264012d000 rw-p 00000000 00:00 0 
7f264012d000-7f2644000000 ---p 00000000 00:00 0 
7f2644000000-7f2644021000 rw-p 00000000 00:00 0 
7f2644021000-7f2648000000 ---p 00000000 00:00 0 
7f2648000000-7f2648127000 rw-p 00000000 00:00 0 
7f2648127000-7f264c000000 ---p 00000000 00:00 0 
7f264c000000-7f264c123000 rw-p 00000000 00:00 0 
7f264c123000-7f2650000000 ---p 00000000 00:00 0 
7f2650000000-7f2650095000 rw-p 00000000 00:00 0 
7f2650095000-7f2654000000 ---p 00000000 00:00 0 
7f2654000000-7f2654021000 rw-p 00000000 00:00 0 
7f2654021000-7f2658000000 ---p 00000000 00:00 0 
7f2658000000-7f2658130000 rw-p 00000000 00:00 0 
7f2658130000-7f265c000000 ---p 00000000 00:00 0 
7f265c000000-7f265c040000 rw-p 00000000 00:00 0 
7f265c040000-7f2660000000 ---p 00000000 00:00 0 
7f2660000000-7f2660129000 rw-p 00000000 00:00 0 
7f2660129000-7f2664000000 ---p 00000000 00:00 0 
7f2664000000-7f26640ad000 rw-p 00000000 00:00 0 
7f26640ad000-7f2668000000 ---p 00000000 00:00 0 
7f2668000000-7f2668128000 rw-p 00000000 00:00 0 
7f2668128000-7f266c000000 ---p 00000000 00:00 0 
7f266c000000-7f266c12a000 rw-p 00000000 00:00 0 
7f266c12a000-7f2670000000 ---p 00000000 00:00 0 
7f2670000000-7f2670021000 rw-p 00000000 00:00 0 
7f2670021000-7f2674000000 ---p 00000000 00:00 0 
7f2674000000-7f2674021000 rw-p 00000000 00:00 0 
7f2674021000-7f2678000000 ---p 00000000 00:00 0 
7f2678000000-7f267812e000 rw-p 00000000 00:00 0 
7f267812e000-7f267c000000 ---p 00000000 00:00 0 
7f267c000000-7f267c02a000 rw-p 00000000 00:00 0 
7f267c02a000-7f2680000000 ---p 00000000 00:00 0 
7f2680000000-7f2680160000 rw-p 00000000 00:00 0 
7f2680160000-7f2684000000 ---p 00000000 00:00 0 
7f2684000000-7f2684021000 rw-p 00000000 00:00 0 
7f2684021000-7f2688000000 ---p 00000000 00:00 0 
7f2688000000-7f2688021000 rw-p 00000000 00:00 0 
7f2688021000-7f268c000000 ---p 00000000 00:00 0 
7f268c000000-7f268c021000 rw-p 00000000 00:00 0 
7f268c021000-7f2690000000 ---p 00000000 00:00 0 
7f2690000000-7f26901ed000 rw-p 00000000 00:00 0 
7f26901ed000-7f2694000000 ---p 00000000 00:00 0 
7f2694000000-7f2694025000 rw-p 00000000 00:00 0 
7f2694025000-7f2698000000 ---p 00000000 00:00 0 
7f2698000000-7f2698021000 rw-p 00000000 00:00 0 
7f2698021000-7f269c000000 ---p 00000000 00:00 0 
7f269c000000-7f269c021000 rw-p 00000000 00:00 0 
7f269c021000-7f26a0000000 ---p 00000000 00:00 0 
7f26a0000000-7f26a0021000 rw-p 00000000 00:00 0 
7f26a0021000-7f26a4000000 ---p 00000000 00:00 0 
7f26a4000000-7f26a6314000 rw-p 00000000 00:00 0 
7f26a6314000-7f26a8000000 ---p 00000000 00:00 0 
7f26a8000000-7f26a8021000 rw-p 00000000 00:00 0 
7f26a8021000-7f26ac000000 ---p 00000000 00:00 0 
7f26ac000000-7f26ac021000 rw-p 00000000 00:00 0 
7f26ac021000-7f26b0000000 ---p 00000000 00:00 0 
7f26b0000000-7f26b1840000 rw-p 00000000 00:00 0 
7f26b1840000-7f26b4000000 ---p 00000000 00:00 0 
7f26b4000000-7f26b4021000 rw-p 00000000 00:00 0 
7f26b4021000-7f26b8000000 ---p 00000000 00:00 0 
7f26b8000000-7f26b8021000 rw-p 00000000 00:00 0 
7f26b8021000-7f26bc000000 ---p 00000000 00:00 0 
7f26bc000000-7f26bc041000 rw-p 00000000 00:00 0 
7f26bc041000-7f26c0000000 ---p 00000000 00:00 0 
7f26c2e01000-7f26c2e04000 ---p 00000000 00:00 0 
7f26c2e04000-7f26c2f02000 rw-p 00000000 00:00 0 
7f26c2f02000-7f26c2f05000 ---p 00000000 00:00 0 
7f26c2f05000-7f26c3003000 rw-p 00000000 00:00 0 
7f26c3003000-7f26c3006000 ---p 00000000 00:00 0 
7f26c3006000-7f26c3104000 rw-p 00000000 00:00 0 
7f26c3205000-7f26c3208000 ---p 00000000 00:00 0 
7f26c3208000-7f26c3306000 rw-p 00000000 00:00 0 
7f26c3306000-7f26c3309000 ---p 00000000 00:00 0 
7f26c3309000-7f26c3407000 rw-p 00000000 00:00 0 
7f26c3407000-7f26c340a000 ---p 00000000 00:00 0 
7f26c340a000-7f26c3508000 rw-p 00000000 00:00 0 
7f26c3508000-7f26c350b000 ---p 00000000 00:00 0 
7f26c350b000-7f26c3609000 rw-p 00000000 00:00 0 
7f26c3609000-7f26c360c000 ---p 00000000 00:00 0 
7f26c360c000-7f26c370a000 rw-p 00000000 00:00 0 
7f26c370a000-7f26c370d000 ---p 00000000 00:00 0 
7f26c370d000-7f26c380b000 rw-p 00000000 00:00 0 
7f26c380b000-7f26c380e000 ---p 00000000 00:00 0 
7f26c380e000-7f26c390c000 rw-p 00000000 00:00 0 
7f26c390c000-7f26c390f000 ---p 00000000 00:00 0 
7f26c390f000-7f26c3a0d000 rw-p 00000000 00:00 0 
7f26c3a0d000-7f26c3a10000 ---p 00000000 00:00 0 
7f26c3a10000-7f26c3b0e000 rw-p 00000000 00:00 0 
7f26c3b0e000-7f26c3b11000 ---p 00000000 00:00 0 
7f26c3b11000-7f26c3c0f000 rw-p 00000000 00:00 0 
7f26c3c0f000-7f26c3c12000 ---p 00000000 00:00 0 
7f26c3c12000-7f26c8000000 rw-p 00000000 00:00 0 
7f26c8000000-7f26c8022000 rw-p 00000000 00:00 0 
7f26c8022000-7f26cc000000 ---p 00000000 00:00 0 
7f26cc000000-7f26cc021000 rw-p 00000000 00:00 0 
7f26cc021000-7f26d0000000 ---p 00000000 00:00 0 
7f26d001a000-7f26d001d000 ---p 00000000 00:00 0 
7f26d001d000-7f26d011b000 rw-p 00000000 00:00 0 
7f26d011b000-7f26d011e000 ---p 00000000 00:00 0 
7f26d011e000-7f26d021c000 rw-p 00000000 00:00 0 
7f26d021c000-7f26d05d6000 rw-s 00000000 00:04 482213899                  /SYSV00000000 (deleted)
7f26d05d6000-7f26d05d9000 ---p 00000000 00:00 0 
7f26d05d9000-7f26d06d7000 rw-p 00000000 00:00 0 
7f26d06d7000-7f26d06da000 ---p 00000000 00:00 0 
7f26d06da000-7f26d07d8000 rw-p 00000000 00:00 0 
7f26d07d8000-7f26d07db000 ---p 00000000 00:00 0 
7f26d07db000-7f26d08d9000 rw-p 00000000 00:00 0 
7f26d08d9000-7f26d08dc000 ---p 00000000 00:00 0 
7f26d08dc000-7f26d09da000 rw-p 00000000 00:00 0 
7f26d09da000-7f26d09dd000 ---p 00000000 00:00 0 
7f26d09dd000-7f26d0adb000 rw-p 00000000 00:00 0 
7f26d0adb000-7f26d0ade000 ---p 00000000 00:00 0 
7f26d0ade000-7f26d0bdc000 rw-p 00000000 00:00 0 
7f26d0bdc000-7f26d0bdf000 ---p 00000000 00:00 0 
7f26d0bdf000-7f26d0cdd000 rw-p 00000000 00:00 0 
7f26d0cdd000-7f26d0ce0000 ---p 00000000 00:00 0 
7f26d0ce0000-7f26d0dde000 rw-p 00000000 00:00 0 
7f26d0dde000-7f26d0de1000 ---p 00000000 00:00 0 
7f26d0de1000-7f26d0edf000 rw-p 00000000 00:00 0 
7f26d0edf000-7f26d0ee2000 ---p 00000000 00:00 0 
7f26d0ee2000-7f26d0fe0000 rw-p 00000000 00:00 0                          [stack:19609]
7f26d0fe0000-7f26d0fe3000 ---p 00000000 00:00 0 
7f26d0fe3000-7f26d10e1000 rw-p 00000000 00:00 0 
7f26d10e1000-7f26d10e4000 ---p 00000000 00:00 0 
7f26d10e4000-7f26d11e2000 rw-p 00000000 00:00 0 
7f26d11e2000-7f26d11e5000 ---p 00000000 00:00 0 
7f26d11e5000-7f26d12e3000 rw-p 00000000 00:00 0 
7f26d12e3000-7f26d12e6000 ---p 00000000 00:00 0 
7f26d12e6000-7f26d13e4000 rw-p 00000000 00:00 0                          [stack:19612]
7f26d13e4000-7f26d13e7000 ---p 00000000 00:00 0 
7f26d13e7000-7f26d14e5000 rw-p 00000000 00:00 0 
7f26d14e5000-7f26d14e8000 ---p 00000000 00:00 0 
7f26d14e8000-7f26d15e6000 rw-p 00000000 00:00 0 
7f26d15e6000-7f26d15e9000 ---p 00000000 00:00 0 
7f26d15e9000-7f26d16e7000 rw-p 00000000 00:00 0 
7f26d16e7000-7f26d16ea000 ---p 00000000 00:00 0 
7f26d16ea000-7f26d17e8000 rw-p 00000000 00:00 0 
7f26d17e8000-7f26d17eb000 ---p 00000000 00:00 0 
7f26d17eb000-7f26d18e9000 rw-p 00000000 00:00 0 
7f26d18e9000-7f26d18ec000 ---p 00000000 00:00 0 
7f26d18ec000-7f26d19ea000 rw-p 00000000 00:00 0 
7f26d19ea000-7f26d19ed000 ---p 00000000 00:00 0 
7f26d19ed000-7f26d1aeb000 rw-p 00000000 00:00 0 
7f26d1aeb000-7f26d1aee000 ---p 00000000 00:00 0 
7f26d1aee000-7f26d1bec000 rw-p 00000000 00:00 0 
7f26d1bec000-7f26d1c04000 r-xp 00000000 08:02 26397044                   /lib/x86_64-linux-gnu/libresolv-2.15.so
7f26d1c04000-7f26d1e04000 ---p 00018000 08:02 26397044                   /lib/x86_64-linux-gnu/libresolv-2.15.so
7f26d1e04000-7f26d1e05000 r--p 00018000 08:02 26397044                   /lib/x86_64-linux-gnu/libresolv-2.15.so
7f26d1e05000-7f26d1e06000 rw-p 00019000 08:02 26397044                   /lib/x86_64-linux-gnu/libresolv-2.15.so
7f26d1e06000-7f26d1e08000 rw-p 00000000 00:00 0 
7f26d1e08000-7f26d1e0f000 r-xp 00000000 08:02 26397045                   /lib/x86_64-linux-gnu/libnss_dns-2.15.so
7f26d1e0f000-7f26d200e000 ---p 00007000 08:02 26397045                   /lib/x86_64-linux-gnu/libnss_dns-2.15.so
7f26d200e000-7f26d200f000 r--p 00006000 08:02 26397045                   /lib/x86_64-linux-gnu/libnss_dns-2.15.so
7f26d200f000-7f26d2010000 rw-p 00007000 08:02 26397045                   /lib/x86_64-linux-gnu/libnss_dns-2.15.so
7f26d2010000-7f26d2012000 r-xp 00000000 08:02 26396981                   /lib/libnss_mdns4_minimal.so.2
7f26d2012000-7f26d2211000 ---p 00002000 08:02 26396981                   /lib/libnss_mdns4_minimal.so.2
7f26d2211000-7f26d2212000 r--p 00001000 08:02 26396981                   /lib/libnss_mdns4_minimal.so.2
7f26d2212000-7f26d2213000 rw-p 00002000 08:02 26396981                   /lib/libnss_mdns4_minimal.so.2
7f26d2213000-7f26d2216000 ---p 00000000 00:00 0 
7f26d2216000-7f26d2314000 rw-p 00000000 00:00 0                          [stack:16443]
7f26d2314000-7f26d2317000 ---p 00000000 00:00 0 
7f26d2317000-7f26d2415000 rw-p 00000000 00:00 0 
7f26d2415000-7f26d2428000 r--s 00000000 08:02 4731360                    /usr/share/fonts/type1/gsfonts/b018015l.pfb
7f26d2428000-7f26d243e000 r--s 00000000 08:02 4731426                    /usr/share/fonts/type1/gsfonts/n022023l.pfb
7f26d243e000-7f26d2455000 r--s 00000000 08:02 4731414                    /usr/share/fonts/type1/gsfonts/n021023l.pfb
7f26d2455000-7f26d246c000 r--s 00000000 08:02 4731447                    /usr/share/fonts/type1/gsfonts/z003034l.pfb
7f26d246c000-7f26d2484000 r--s 00000000 08:02 4731378                    /usr/share/fonts/type1/gsfonts/c059036l.pfb
7f26d2484000-7f26d2497000 r--s 00000000 08:02 4731405                    /usr/share/fonts/type1/gsfonts/n019064l.pfb
7f26d2497000-7f26d24a9000 r--s 00000000 08:02 4731396                    /usr/share/fonts/type1/gsfonts/n019043l.pfb
7f26d24a9000-7f26d24b9000 r--s 00000000 08:02 4731348                    /usr/share/fonts/type1/gsfonts/a010015l.pfb
7f26d24b9000-7f26d24d2000 r--s 00000000 08:02 4731357                    /usr/share/fonts/type1/gsfonts/b018012l.pfb
7f26d24d2000-7f26d24e8000 r--s 00000000 08:02 4731417                    /usr/share/fonts/type1/gsfonts/n021024l.pfb
7f26d24e8000-7f26d24fd000 r--s 00000000 08:02 4731363                    /usr/share/fonts/type1/gsfonts/b018032l.pfb
7f26d24fd000-7f26d2516000 r--s 00000000 08:02 4731411                    /usr/share/fonts/type1/gsfonts/n021004l.pfb
7f26d2516000-7f26d252e000 r--s 00000000 08:02 4731375                    /usr/share/fonts/type1/gsfonts/c059033l.pfb
7f26d252e000-7f26d2540000 r--s 00000000 08:02 4731387                    /usr/share/fonts/type1/gsfonts/n019004l.pfb
7f26d2540000-7f26d255b000 r--s 00000000 08:02 4731372                    /usr/share/fonts/type1/gsfonts/c059016l.pfb
7f26d255b000-7f26d2567000 r--s 00000000 08:02 4731381                    /usr/share/fonts/type1/gsfonts/d050000l.pfb
7f26d2567000-7f26d2582000 r--s 00000000 08:02 4731435                    /usr/share/fonts/type1/gsfonts/p052004l.pfb
7f26d2582000-7f26d2596000 r--s 00000000 08:02 4731384                    /usr/share/fonts/type1/gsfonts/n019003l.pfb
7f26d2596000-7f26d25a7000 r--s 00000000 08:02 4731354                    /usr/share/fonts/type1/gsfonts/a010035l.pfb
7f26d25a7000-7f26d25b8000 r--s 00000000 08:02 4731402                    /usr/share/fonts/type1/gsfonts/n019063l.pfb
7f26d25b8000-7f26d25d4000 r--s 00000000 08:02 4731441                    /usr/share/fonts/type1/gsfonts/p052024l.pfb
7f26d25d4000-7f26d25e5000 r--s 00000000 08:02 4731393                    /usr/share/fonts/type1/gsfonts/n019024l.pfb
7f26d25e5000-7f26d25ee000 r--s 00000000 08:02 4731444                    /usr/share/fonts/type1/gsfonts/s050000l.pfb
7f26d25ee000-7f26d25fe000 r--s 00000000 08:02 4731351                    /usr/share/fonts/type1/gsfonts/a010033l.pfb
7f26d25fe000-7f26d2618000 r--s 00000000 08:02 4731369                    /usr/share/fonts/type1/gsfonts/c059013l.pfb
7f26d2618000-7f26d2633000 r--s 00000000 08:02 4731438                    /usr/share/fonts/type1/gsfonts/p052023l.pfb
7f26d2633000-7f26d2643000 r--s 00000000 08:02 4731345                    /usr/share/fonts/type1/gsfonts/a010013l.pfb
7f26d2643000-7f26d265c000 r--s 00000000 08:02 4731408                    /usr/share/fonts/type1/gsfonts/n021003l.pfb
7f26d265c000-7f26d2675000 r--s 00000000 08:02 4731423                    /usr/share/fonts/type1/gsfonts/n022004l.pfb
7f26d2675000-7f26d268d000 r--s 00000000 08:02 4731420                    /usr/share/fonts/type1/gsfonts/n022003l.pfb
7f26d268d000-7f26d26a3000 r--s 00000000 08:02 4731429                    /usr/share/fonts/type1/gsfonts/n022024l.pfb
7f26d26a3000-7f26d26b4000 r--s 00000000 08:02 4731390                    /usr/share/fonts/type1/gsfonts/n019023l.pfb
7f26d26b4000-7f26d26c6000 r--s 00000000 08:02 4731399                    /usr/share/fonts/type1/gsfonts/n019044l.pfb
7f26d26c6000-7f26d26d8000 r--s 00000000 08:02 4731366                    /usr/share/fonts/type1/gsfonts/b018035l.pfb
7f26d26d8000-7f26d26f3000 r--s 00000000 08:02 4731432                    /usr/share/fonts/type1/gsfonts/p052003l.pfb
7f26d26f3000-7f26d26fc000 r--s 00000000 08:02 4730631                    /usr/share/fonts/X11/Type1/c0648bt_.pfb
7f26d26fc000-7f26d2705000 r--s 00000000 08:02 4730627                    /usr/share/fonts/X11/Type1/c0632bt_.pfb
7f26d2705000-7f26d270e000 r--s 00000000 08:02 4730629                    /usr/share/fonts/X11/Type1/c0633bt_.pfb
7f26d270e000-7f26d2718000 r--s 00000000 08:02 4730623                    /usr/share/fonts/X11/Type1/c0583bt_.pfb
7f26d2718000-7f26d2722000 r--s 00000000 08:02 4730621                    /usr/share/fonts/X11/Type1/c0582bt_.pfb
7f26d2722000-7f26d272c000 r--s 00000000 08:02 4859139                    /usr/share/fonts/type1/mathml/Symbol.pfb
7f26d272c000-7f26d2736000 r--s 00000000 08:02 4730619                    /usr/share/fonts/X11/Type1/c0419bt_.pfb
7f26d2736000-7f26d27bc000 rw-p 00000000 00:00 0 
7f26d27bc000-7f26d27bf000 ---p 00000000 00:00 0 
7f26d27bf000-7f26d28bd000 rw-p 00000000 00:00 0                          [stack:16435]
7f26d28bd000-7f26d28c0000 ---p 00000000 00:00 0 
7f26d28c0000-7f26d29be000 rw-p 00000000 00:00 0                          [stack:16432]
7f26d29be000-7f26d29c1000 ---p 00000000 00:00 0 
7f26d29c1000-7f26d2abf000 rw-p 00000000 00:00 0                          [stack:16658]
7f26d2b5c000-7f26d2b67000 rw-s 00000000 00:04 495353871                  /SYSV00000000 (deleted)
7f26d2b67000-7f26d2b6a000 ---p 00000000 00:00 0 
7f26d2b6a000-7f26d2c68000 rw-p 00000000 00:00 0                          [stack:16430]
7f26d2c68000-7f26d2c6b000 ---p 00000000 00:00 0 
7f26d2c6b000-7f26d2d69000 rw-p 00000000 00:00 0                          [stack:16429]
7f26d2d69000-7f26d2d71000 r-xp 00000000 08:02 8014009                    /usr/lib/jvm/java-6-openjdk-amd64/jre/lib/amd64/libnio.so
7f26d2d71000-7f26d2f70000 ---p 00008000 08:02 8014009                    /usr/lib/jvm/java-6-openjdk-amd64/jre/lib/amd64/libnio.so
7f26d2f70000-7f26d2f71000 r--p 00007000 08:02 8014009                    /usr/lib/jvm/java-6-openjdk-amd64/jre/lib/amd64/libnio.so
7f26d2f71000-7f26d2f72000 rw-p 00008000 08:02 8014009                    /usr/lib/jvm/java-6-openjdk-amd64/jre/lib/amd64/libnio.so
7f26d2f72000-7f26d2f87000 r-xp 00000000 08:02 8014000                    /usr/lib/jvm/java-6-openjdk-amd64/jre/lib/amd64/libnet.so
7f26d2f87000-7f26d3187000 ---p 00015000 08:02 8014000                    /usr/lib/jvm/java-6-openjdk-amd64/jre/lib/amd64/libnet.so
7f26d3187000-7f26d3188000 r--p 00015000 08:02 8014000                    /usr/lib/jvm/java-6-openjdk-amd64/jre/lib/amd64/libnet.so
7f26d3188000-7f26d3189000 rw-p 00016000 08:02 8014000                    /usr/lib/jvm/java-6-openjdk-amd64/jre/lib/amd64/libnet.so
7f26d3189000-7f26d318c000 ---p 00000000 00:00 0 
7f26d318c000-7f26d328a000 rw-p 00000000 00:00 0                          [stack:16434]
7f26d328a000-7f26d328d000 ---p 00000000 00:00 0 
7f26d328d000-7f26d338b000 rw-p 00000000 00:00 0                          [stack:16427]
7f26d338b000-7f26d338c000 r--s 00000000 08:02 24427091                   /var/cache/fontconfig/c05880de57d1f5e948fdfacc138775d9-le64.cache-3
7f26d338c000-7f26d3395000 r--s 00000000 08:02 24427086                   /var/cache/fontconfig/945677eb7aeaf62f1d50efc3fb3ec7d8-le64.cache-3
7f26d3395000-7f26d3397000 r--s 00000000 08:02 24427087                   /var/cache/fontconfig/99e8ed0e538f840c565b6ed5dad60d56-le64.cache-3
7f26d3397000-7f26d339b000 r--s 00000000 08:02 24427073                   /var/cache/fontconfig/2cd17615ca594fa2959ae173292e504c-le64.cache-3
7f26d339b000-7f26d33a1000 r--s 00000000 08:02 24427088                   /var/cache/fontconfig/a755afe4a08bf5b97852ceb7400b47bc-le64.cache-3
7f26d33a1000-7f26d33aa000 r--s 00000000 08:02 24434801                   /var/cache/fontconfig/6d41288fd70b0be22e8c3a91e032eec0-le64.cache-3
7f26d33b1000-7f26d33e2000 rw-p 00000000 00:00 0 
7f26d33e2000-7f26d33e7000 r-xp 00000000 08:02 3941535                    /usr/lib/x86_64-linux-gnu/libXfixes.so.3.1.0
7f26d33e7000-7f26d35e6000 ---p 00005000 08:02 3941535                    /usr/lib/x86_64-linux-gnu/libXfixes.so.3.1.0
7f26d35e6000-7f26d35e7000 r--p 00004000 08:02 3941535                    /usr/lib/x86_64-linux-gnu/libXfixes.so.3.1.0
7f26d35e7000-7f26d35e8000 rw-p 00005000 08:02 3941535                    /usr/lib/x86_64-linux-gnu/libXfixes.so.3.1.0
7f26d35e8000-7f26d35f1000 r-xp 00000000 08:02 3946950                    /usr/lib/x86_64-linux-gnu/libXcursor.so.1.0.2
7f26d35f1000-7f26d37f0000 ---p 00009000 08:02 3946950                    /usr/lib/x86_64-linux-gnu/libXcursor.so.1.0.2
7f26d37f0000-7f26d37f1000 r--p 00008000 08:02 3946950                    /usr/lib/x86_64-linux-gnu/libXcursor.so.1.0.2
7f26d37f1000-7f26d37f2000 rw-p 00009000 08:02 3946950                    /usr/lib/x86_64-linux-gnu/libXcursor.so.1.0.2
7f26d37f2000-7f26d37fb000 r--s 00000000 08:02 4730633                    /usr/share/fonts/X11/Type1/c0649bt_.pfb
7f26d37fb000-7f26d3805000 r--s 00000000 08:02 4730625                    /usr/share/fonts/X11/Type1/c0611bt_.pfb
7f26d380a000-7f26d380d000 ---p 00000000 00:00 0 
7f26d380d000-7f26d390b000 rw-p 00000000 00:00 0                          [stack:16426]
7f26d390b000-7f26d39a1000 r-xp 00000000 08:02 3947146                    /usr/lib/x86_64-linux-gnu/libfreetype.so.6.8.0
7f26d39a1000-7f26d3ba0000 ---p 00096000 08:02 3947146                    /usr/lib/x86_64-linux-gnu/libfreetype.so.6.8.0
7f26d3ba0000-7f26d3ba6000 r--p 00095000 08:02 3947146                    /usr/lib/x86_64-linux-gnu/libfreetype.so.6.8.0
7f26d3ba6000-7f26d3ba7000 rw-p 0009b000 08:02 3947146                    /usr/lib/x86_64-linux-gnu/libfreetype.so.6.8.0
7f26d3ba7000-7f26d3bf6000 r-xp 00000000 08:02 8014022                    /usr/lib/jvm/java-6-openjdk-amd64/jre/lib/amd64/libfontmanager.so
7f26d3bf6000-7f26d3df6000 ---p 0004f000 08:02 8014022                    /usr/lib/jvm/java-6-openjdk-amd64/jre/lib/amd64/libfontmanager.so
7f26d3df6000-7f26d3df8000 r--p 0004f000 08:02 8014022                    /usr/lib/jvm/java-6-openjdk-amd64/jre/lib/amd64/libfontmanager.so
7f26d3df8000-7f26d3df9000 rw-p 00051000 08:02 8014022                    /usr/lib/jvm/java-6-openjdk-amd64/jre/lib/amd64/libfontmanager.so
7f26d3df9000-7f26d3dfa000 rw-p 00000000 00:00 0 
7f26d3dfa000-7f26d3dff000 r-xp 00000000 08:02 3946954                    /usr/lib/x86_64-linux-gnu/libXdmcp.so.6.0.0
7f26d3dff000-7f26d3ffe000 ---p 00005000 08:02 3946954                    /usr/lib/x86_64-linux-gnu/libXdmcp.so.6.0.0
7f26d3ffe000-7f26d3fff000 r--p 00004000 08:02 3946954                    /usr/lib/x86_64-linux-gnu/libXdmcp.so.6.0.0
7f26d3fff000-7f26d4000000 rw-p 00005000 08:02 3946954                    /usr/lib/x86_64-linux-gnu/libXdmcp.so.6.0.0
7f26d4000000-7f26d4021000 rw-p 00000000 00:00 0 
7f26d4021000-7f26d8000000 ---p 00000000 00:00 0 
7f26d8000000-7f26d8001000 r--s 00000000 08:02 24427098                   /var/cache/fontconfig/e7071f4a29fa870f4323321c154eba04-le64.cache-3
7f26d8001000-7f26d8002000 r--s 00000000 08:02 24427071                   /var/cache/fontconfig/0d8c3b2ac0904cb8a57a757ad11a4a08-le64.cache-3
7f26d8002000-7f26d8012000 r--s 00000000 08:02 24427070                   /var/cache/fontconfig/04aabc0a78ac019cf9454389977116d2-le64.cache-3
7f26d8012000-7f26d8015000 r--s 00000000 08:02 24427076                   /var/cache/fontconfig/385c0604a188198f04d133e54aba7fe7-le64.cache-3
7f26d8015000-7f26d8016000 r--s 00000000 08:02 24431040                   /var/cache/fontconfig/4794a0821666d79190d59a36cb4f44b5-le64.cache-3
7f26d8016000-7f26d8019000 r--s 00000000 08:02 24427085                   /var/cache/fontconfig/8801497958630a81b71ace7c5f9b32a8-le64.cache-3
7f26d8019000-7f26d801e000 r--s 00000000 08:02 24427074                   /var/cache/fontconfig/3047814df9a2f067bd2d96a2b9c36e5a-le64.cache-3
7f26d801e000-7f26d801f000 r--s 00000000 08:02 24427079                   /var/cache/fontconfig/56cf4f4769d0f4abc89a4895d7bd3ae1-le64.cache-3
7f26d801f000-7f26d8020000 r--s 00000000 08:02 24427090                   /var/cache/fontconfig/b9d506c9ac06c20b433354fa67a72993-le64.cache-3
7f26d8020000-7f26d8025000 r--s 00000000 08:02 24427089                   /var/cache/fontconfig/b47c4e1ecd0709278f4910c18777a504-le64.cache-3
7f26d8025000-7f26d8035000 r--s 00000000 08:02 24427094                   /var/cache/fontconfig/d52a8644073d54c13679302ca1180695-le64.cache-3
7f26d8035000-7f26d8038000 r--s 00000000 08:02 24428186                   /var/cache/fontconfig/e13b20fdb08344e0e664864cc2ede53d-le64.cache-3
7f26d8038000-7f26d803c000 r--s 00000000 08:02 24428185                   /var/cache/fontconfig/7ef2298fde41cc6eeb7af42e48b7d293-le64.cache-3
7f26d803c000-7f26d803d000 r--s 00000000 08:02 24427091                   /var/cache/fontconfig/c05880de57d1f5e948fdfacc138775d9-le64.cache-3
7f26d803d000-7f26d8046000 r--s 00000000 08:02 24427086                   /var/cache/fontconfig/945677eb7aeaf62f1d50efc3fb3ec7d8-le64.cache-3
7f26d8046000-7f26d8048000 r--s 00000000 08:02 24427087                   /var/cache/fontconfig/99e8ed0e538f840c565b6ed5dad60d56-le64.cache-3
7f26d8048000-7f26d804c000 r--s 00000000 08:02 24427073                   /var/cache/fontconfig/2cd17615ca594fa2959ae173292e504c-le64.cache-3
7f26d804c000-7f26d8052000 r--s 00000000 08:02 24427088                   /var/cache/fontconfig/a755afe4a08bf5b97852ceb7400b47bc-le64.cache-3
7f26d8052000-7f26d805b000 r--s 00000000 08:02 24434801                   /var/cache/fontconfig/6d41288fd70b0be22e8c3a91e032eec0-le64.cache-3
7f26d805b000-7f26d806b000 r--s 00000000 08:02 24427070                   /var/cache/fontconfig/04aabc0a78ac019cf9454389977116d2-le64.cache-3
7f26d806b000-7f26d806e000 r--s 00000000 08:02 24427076                   /var/cache/fontconfig/385c0604a188198f04d133e54aba7fe7-le64.cache-3
7f26d806e000-7f26d8073000 r--s 00000000 08:02 24427074                   /var/cache/fontconfig/3047814df9a2f067bd2d96a2b9c36e5a-le64.cache-3
7f26d8073000-7f26d8075000 r-xp 00000000 08:02 3946943                    /usr/lib/x86_64-linux-gnu/libXau.so.6.0.0
7f26d8075000-7f26d8274000 ---p 00002000 08:02 3946943                    /usr/lib/x86_64-linux-gnu/libXau.so.6.0.0
7f26d8274000-7f26d8275000 r--p 00001000 08:02 3946943                    /usr/lib/x86_64-linux-gnu/libXau.so.6.0.0
7f26d8275000-7f26d8276000 rw-p 00002000 08:02 3946943                    /usr/lib/x86_64-linux-gnu/libXau.so.6.0.0
7f26d8276000-7f26d8293000 r-xp 00000000 08:02 3947550                    /usr/lib/x86_64-linux-gnu/libxcb.so.1.1.0
7f26d8293000-7f26d8492000 ---p 0001d000 08:02 3947550                    /usr/lib/x86_64-linux-gnu/libxcb.so.1.1.0
7f26d8492000-7f26d8493000 r--p 0001c000 08:02 3947550                    /usr/lib/x86_64-linux-gnu/libxcb.so.1.1.0
7f26d8493000-7f26d8494000 rw-p 0001d000 08:02 3947550                    /usr/lib/x86_64-linux-gnu/libxcb.so.1.1.0
7f26d8494000-7f26d84a3000 r-xp 00000000 08:02 3941537                    /usr/lib/x86_64-linux-gnu/libXi.so.6.1.0
7f26d84a3000-7f26d86a2000 ---p 0000f000 08:02 3941537                    /usr/lib/x86_64-linux-gnu/libXi.so.6.1.0
7f26d86a2000-7f26d86a3000 r--p 0000e000 08:02 3941537                    /usr/lib/x86_64-linux-gnu/libXi.so.6.1.0
7f26d86a3000-7f26d86a4000 rw-p 0000f000 08:02 3941537                    /usr/lib/x86_64-linux-gnu/libXi.so.6.1.0
7f26d86a4000-7f26d86a9000 r-xp 00000000 08:02 3946982                    /usr/lib/x86_64-linux-gnu/libXtst.so.6.1.0
7f26d86a9000-7f26d88a8000 ---p 00005000 08:02 3946982                    /usr/lib/x86_64-linux-gnu/libXtst.so.6.1.0
7f26d88a8000-7f26d88a9000 r--p 00004000 08:02 3946982                    /usr/lib/x86_64-linux-gnu/libXtst.so.6.1.0
7f26d88a9000-7f26d88aa000 rw-p 00005000 08:02 3946982                    /usr/lib/x86_64-linux-gnu/libXtst.so.6.1.0
7f26d88aa000-7f26d88b3000 r-xp 00000000 08:02 3946978                    /usr/lib/x86_64-linux-gnu/libXrender.so.1.3.0
7f26d88b3000-7f26d8ab2000 ---p 00009000 08:02 3946978                    /usr/lib/x86_64-linux-gnu/libXrender.so.1.3.0
7f26d8ab2000-7f26d8ab3000 r--p 00008000 08:02 3946978                    /usr/lib/x86_64-linux-gnu/libXrender.so.1.3.0
7f26d8ab3000-7f26d8ab4000 rw-p 00009000 08:02 3946978                    /usr/lib/x86_64-linux-gnu/libXrender.so.1.3.0
7f26d8ab4000-7f26d8be4000 r-xp 00000000 08:02 3941532                    /usr/lib/x86_64-linux-gnu/libX11.so.6.3.0
7f26d8be4000-7f26d8de4000 ---p 00130000 08:02 3941532                    /usr/lib/x86_64-linux-gnu/libX11.so.6.3.0
7f26d8de4000-7f26d8de5000 r--p 00130000 08:02 3941532                    /usr/lib/x86_64-linux-gnu/libX11.so.6.3.0
7f26d8de5000-7f26d8de9000 rw-p 00131000 08:02 3941532                    /usr/lib/x86_64-linux-gnu/libX11.so.6.3.0
7f26d8de9000-7f26d8df9000 r-xp 00000000 08:02 3946956                    /usr/lib/x86_64-linux-gnu/libXext.so.6.4.0
7f26d8df9000-7f26d8ff8000 ---p 00010000 08:02 3946956                    /usr/lib/x86_64-linux-gnu/libXext.so.6.4.0
7f26d8ff8000-7f26d8ff9000 r--p 0000f000 08:02 3946956                    /usr/lib/x86_64-linux-gnu/libXext.so.6.4.0
7f26d8ff9000-7f26d8ffa000 rw-p 00010000 08:02 3946956                    /usr/lib/x86_64-linux-gnu/libXext.so.6.4.0
7f26d8ffa000-7f26d9047000 r-xp 00000000 08:02 8013334                    /usr/lib/jvm/java-6-openjdk-amd64/jre/lib/amd64/xawt/libmawt.so
7f26d9047000-7f26d9247000 ---p 0004d000 08:02 8013334                    /usr/lib/jvm/java-6-openjdk-amd64/jre/lib/amd64/xawt/libmawt.so
7f26d9247000-7f26d9248000 r--p 0004d000 08:02 8013334                    /usr/lib/jvm/java-6-openjdk-amd64/jre/lib/amd64/xawt/libmawt.so
7f26d9248000-7f26d924b000 rw-p 0004e000 08:02 8013334                    /usr/lib/jvm/java-6-openjdk-amd64/jre/lib/amd64/xawt/libmawt.so
7f26d924b000-7f26d924c000 rw-p 00000000 00:00 0 
7f26d924c000-7f26d92ee000 r-xp 00000000 08:02 8014017                    /usr/lib/jvm/java-6-openjdk-amd64/jre/lib/amd64/libawt.so
7f26d92ee000-7f26d94ed000 ---p 000a2000 08:02 8014017                    /usr/lib/jvm/java-6-openjdk-amd64/jre/lib/amd64/libawt.so
7f26d94ed000-7f26d94ee000 r--p 000a1000 08:02 8014017                    /usr/lib/jvm/java-6-openjdk-amd64/jre/lib/amd64/libawt.so
7f26d94ee000-7f26d94f9000 rw-p 000a2000 08:02 8014017                    /usr/lib/jvm/java-6-openjdk-amd64/jre/lib/amd64/libawt.so
7f26d94f9000-7f26d951e000 rw-p 00000000 00:00 0 
7f26d951e000-7f26d9589000 r-xp 00000000 08:02 4204821                    /usr/lib/x86_64-linux-gnu/nss/libfreebl3.so
7f26d9589000-7f26d9788000 ---p 0006b000 08:02 4204821                    /usr/lib/x86_64-linux-gnu/nss/libfreebl3.so
7f26d9788000-7f26d978a000 r--p 0006a000 08:02 4204821                    /usr/lib/x86_64-linux-gnu/nss/libfreebl3.so
7f26d978a000-7f26d978b000 rw-p 0006c000 08:02 4204821                    /usr/lib/x86_64-linux-gnu/nss/libfreebl3.so
7f26d978b000-7f26d978f000 rw-p 00000000 00:00 0 
7f26d978f000-7f26d982d000 r-xp 00000000 08:02 3947476                    /usr/lib/x86_64-linux-gnu/libsqlite3.so.0.8.6
7f26d982d000-7f26d9a2d000 ---p 0009e000 08:02 3947476                    /usr/lib/x86_64-linux-gnu/libsqlite3.so.0.8.6
7f26d9a2d000-7f26d9a2f000 r--p 0009e000 08:02 3947476                    /usr/lib/x86_64-linux-gnu/libsqlite3.so.0.8.6
7f26d9a2f000-7f26d9a31000 rw-p 000a0000 08:02 3947476                    /usr/lib/x86_64-linux-gnu/libsqlite3.so.0.8.6
7f26d9a31000-7f26d9a32000 rw-p 00000000 00:00 0 
7f26d9a32000-7f26d9a6a000 r-xp 00000000 08:02 4204819                    /usr/lib/x86_64-linux-gnu/nss/libsoftokn3.so
7f26d9a6a000-7f26d9c69000 ---p 00038000 08:02 4204819                    /usr/lib/x86_64-linux-gnu/nss/libsoftokn3.so
7f26d9c69000-7f26d9c6b000 r--p 00037000 08:02 4204819                    /usr/lib/x86_64-linux-gnu/nss/libsoftokn3.so
7f26d9c6b000-7f26d9c6c000 rw-p 00039000 08:02 4204819                    /usr/lib/x86_64-linux-gnu/nss/libsoftokn3.so
7f26d9c6c000-7f26d9ca6000 r-xp 00000000 08:02 3941572                    /usr/lib/x86_64-linux-gnu/libnspr4.so
7f26d9ca6000-7f26d9ea6000 ---p 0003a000 08:02 3941572                    /usr/lib/x86_64-linux-gnu/libnspr4.so
7f26d9ea6000-7f26d9ea7000 r--p 0003a000 08:02 3941572                    /usr/lib/x86_64-linux-gnu/libnspr4.so
7f26d9ea7000-7f26d9ea9000 rw-p 0003b000 08:02 3941572                    /usr/lib/x86_64-linux-gnu/libnspr4.so
7f26d9ea9000-7f26d9eab000 rw-p 00000000 00:00 0 
7f26d9eab000-7f26d9eae000 r-xp 00000000 08:02 3941573                    /usr/lib/x86_64-linux-gnu/libplds4.so
7f26d9eae000-7f26da0ad000 ---p 00003000 08:02 3941573                    /usr/lib/x86_64-linux-gnu/libplds4.so
7f26da0ad000-7f26da0ae000 r--p 00002000 08:02 3941573                    /usr/lib/x86_64-linux-gnu/libplds4.so
7f26da0ae000-7f26da0af000 rw-p 00003000 08:02 3941573                    /usr/lib/x86_64-linux-gnu/libplds4.so
7f26da0af000-7f26da0b3000 r-xp 00000000 08:02 3941571                    /usr/lib/x86_64-linux-gnu/libplc4.so
7f26da0b3000-7f26da2b2000 ---p 00004000 08:02 3941571                    /usr/lib/x86_64-linux-gnu/libplc4.so
7f26da2b2000-7f26da2b3000 r--p 00003000 08:02 3941571                    /usr/lib/x86_64-linux-gnu/libplc4.so
7f26da2b3000-7f26da2b4000 rw-p 00004000 08:02 3941571                    /usr/lib/x86_64-linux-gnu/libplc4.so
7f26da2b4000-7f26da2d5000 r-xp 00000000 08:02 3945727                    /usr/lib/x86_64-linux-gnu/libnssutil3.so
7f26da2d5000-7f26da4d4000 ---p 00021000 08:02 3945727                    /usr/lib/x86_64-linux-gnu/libnssutil3.so
7f26da4d4000-7f26da4da000 r--p 00020000 08:02 3945727                    /usr/lib/x86_64-linux-gnu/libnssutil3.so
7f26da4da000-7f26da4db000 rw-p 00026000 08:02 3945727                    /usr/lib/x86_64-linux-gnu/libnssutil3.so
7f26da4db000-7f26da5db000 r-xp 00000000 08:02 3945730                    /usr/lib/x86_64-linux-gnu/libnss3.so
7f26da5db000-7f26da7db000 ---p 00100000 08:02 3945730                    /usr/lib/x86_64-linux-gnu/libnss3.so
7f26da7db000-7f26da7e0000 r--p 00100000 08:02 3945730                    /usr/lib/x86_64-linux-gnu/libnss3.so
7f26da7e0000-7f26da7e3000 rw-p 00105000 08:02 3945730                    /usr/lib/x86_64-linux-gnu/libnss3.so
7f26da7e3000-7f26da7e4000 rw-p 00000000 00:00 0 
7f26da7e4000-7f26da7e5000 r--s 00000000 08:02 24427098                   /var/cache/fontconfig/e7071f4a29fa870f4323321c154eba04-le64.cache-3
7f26da7e5000-7f26da7e6000 r--s 00000000 08:02 24427071                   /var/cache/fontconfig/0d8c3b2ac0904cb8a57a757ad11a4a08-le64.cache-3
7f26da7e6000-7f26da7e7000 r--s 00000000 08:02 24431040                   /var/cache/fontconfig/4794a0821666d79190d59a36cb4f44b5-le64.cache-3
7f26da7e7000-7f26da7ec000 r--s 00000000 08:02 24427089                   /var/cache/fontconfig/b47c4e1ecd0709278f4910c18777a504-le64.cache-3
7f26da7ec000-7f26da7fc000 r--s 00000000 08:02 24427094                   /var/cache/fontconfig/d52a8644073d54c13679302ca1180695-le64.cache-3
7f26da7fc000-7f26da80c000 r-xp 00000000 08:02 8014014                    /usr/lib/jvm/java-6-openjdk-amd64/jre/lib/amd64/libj2pkcs11.so
7f26da80c000-7f26daa0c000 ---p 00010000 08:02 8014014                    /usr/lib/jvm/java-6-openjdk-amd64/jre/lib/amd64/libj2pkcs11.so
7f26daa0c000-7f26daa0d000 r--p 00010000 08:02 8014014                    /usr/lib/jvm/java-6-openjdk-amd64/jre/lib/amd64/libj2pkcs11.so
7f26daa0d000-7f26daa0e000 rw-p 00011000 08:02 8014014                    /usr/lib/jvm/java-6-openjdk-amd64/jre/lib/amd64/libj2pkcs11.so
7f26daa0e000-7f26daa0f000 ---p 00000000 00:00 0 
7f26daa0f000-7f26dab0f000 rw-p 00000000 00:00 0                          [stack:16425]
7f26dab0f000-7f26dab12000 ---p 00000000 00:00 0 
7f26dab12000-7f26dac10000 rw-p 00000000 00:00 0                          [stack:16424]
7f26dac10000-7f26dac13000 ---p 00000000 00:00 0 
7f26dac13000-7f26dad11000 rw-p 00000000 00:00 0                          [stack:16423]
7f26dad11000-7f26dad14000 ---p 00000000 00:00 0 
7f26dad14000-7f26dae12000 rw-p 00000000 00:00 0                          [stack:16422]
7f26dae12000-7f26dae15000 ---p 00000000 00:00 0 
7f26dae15000-7f26daf13000 rw-p 00000000 00:00 0                          [stack:16421]
7f26daf13000-7f26db5f6000 r--p 00000000 08:02 3946299                    /usr/lib/locale/locale-archive
7f26db5f6000-7f26db5f9000 ---p 00000000 00:00 0 
7f26db5f9000-7f26db6f7000 rw-p 00000000 00:00 0                          [stack:16420]
7f26db6f7000-7f26db6fa000 ---p 00000000 00:00 0 
7f26db6fa000-7f26db7f8000 rw-p 00000000 00:00 0                          [stack:16419]
7f26db7f8000-7f26db7f9000 ---p 00000000 00:00 0 
7f26db7f9000-7f26dc000000 rw-p 00000000 00:00 0                          [stack:16418]
7f26dc000000-7f26dc021000 rw-p 00000000 00:00 0 
7f26dc021000-7f26e0000000 ---p 00000000 00:00 0 
7f26e0000000-7f26e0021000 rw-p 00000000 00:00 0 
7f26e0021000-7f26e4000000 ---p 00000000 00:00 0 
7f26e4000000-7f26e4021000 rw-p 00000000 00:00 0 
7f26e4021000-7f26e8000000 ---p 00000000 00:00 0 
7f26e8000000-7f26e8023000 rw-p 00000000 00:00 0 
7f26e8023000-7f26ec000000 ---p 00000000 00:00 0 
7f26ec000000-7f26ec021000 rw-p 00000000 00:00 0 
7f26ec021000-7f26f0000000 ---p 00000000 00:00 0 
7f26f0000000-7f26f0003000 r--s 00000000 08:02 24427085                   /var/cache/fontconfig/8801497958630a81b71ace7c5f9b32a8-le64.cache-3
7f26f0003000-7f26f0004000 r--s 00000000 08:02 24427079                   /var/cache/fontconfig/56cf4f4769d0f4abc89a4895d7bd3ae1-le64.cache-3
7f26f0004000-7f26f0007000 r--s 00000000 08:02 24428186                   /var/cache/fontconfig/e13b20fdb08344e0e664864cc2ede53d-le64.cache-3
7f26f0007000-7f26f000b000 r--s 00000000 08:02 24428185                   /var/cache/fontconfig/7ef2298fde41cc6eeb7af42e48b7d293-le64.cache-3
7f26f000b000-7f26f000d000 r--s 00013000 08:02 8013966                    /usr/lib/jvm/java-6-openjdk-common/jre/lib/jce.jar
7f26f000d000-7f26f0014000 r--s 00053000 08:02 8013725                    /usr/lib/jvm/java-6-openjdk-common/jre/lib/resources.jar
7f26f0014000-7f26f0018000 r--s 0003c000 08:02 8013969                    /usr/lib/jvm/java-6-openjdk-common/jre/lib/jsse.jar
7f26f0018000-7f26f0024000 r--s 00106000 08:02 4212443                    /usr/share/java/paros.jar
7f26f0024000-7f26f002d000 r--s 000a3000 08:02 4212435                    /usr/share/java/hsqldb-1.8.0.10.jar
7f26f002d000-7f26f0031000 r--s 00014000 08:02 4212440                    /usr/share/java/jdic-0.9.5.jar
7f26f0031000-7f26f0038000 r--s 0005d000 08:02 4211999                    /usr/share/java/log4j-1.2-1.2.16.jar
7f26f0038000-7f26f003a000 r--s 0000c000 08:02 4211796                    /usr/share/java/commons-logging-1.1.1.jar
7f26f003a000-7f26f003f000 r--s 00040000 08:02 4211960                    /usr/share/java/commons-lang-2.6.jar
7f26f003f000-7f26f0041000 r--s 00004000 08:02 4211798                    /usr/share/java/commons-logging-adapters-1.1.1.jar
7f26f0041000-7f26f0043000 r--s 0000a000 08:02 4211797                    /usr/share/java/commons-logging-api-1.1.1.jar
7f26f0043000-7f26f0045000 r--s 00014000 08:02 4211986                    /usr/share/java/servlet-api-2.5.jar
7f26f0045000-7f26f004c000 r--s 0005d000 08:02 4211999                    /usr/share/java/log4j-1.2-1.2.16.jar
7f26f004c000-7f26f1000000 rw-p 00000000 00:00 0 
7f26f1000000-7f26f13c0000 rwxp 00000000 00:00 0 
7f26f13c0000-7f26f48d4000 rw-p 00000000 00:00 0 
7f26f48d4000-7f26f8000000 ---p 00000000 00:00 0 
7f26f8000000-7f26f8001000 r--s 00000000 08:02 24427090                   /var/cache/fontconfig/b9d506c9ac06c20b433354fa67a72993-le64.cache-3
7f26f8001000-7f26f8004000 r--s 00012000 08:02 4212074                    /usr/share/java/logkit-2.0.jar
7f26f8004000-7f26f8007000 r--s 00010000 08:02 4211778                    /usr/share/java/avalon-framework-4.2.0.jar
7f26f8007000-7f26f800a000 r--s 00011000 08:02 4211989                    /usr/share/java/commons-codec-1.5.jar
7f26f800a000-7f26f8010000 r--s 00045000 08:02 4212130                    /usr/share/java/commons-httpclient-3.1.jar
7f26f8010000-7f26f801e000 r--s 0007e000 08:02 4211980                    /usr/share/java/commons-collections3-3.2.1.jar
7f26f801e000-7f26f85da000 rw-p 00000000 00:00 0 
7f26f85da000-7f26f876f000 r--s 01a09000 08:02 8013988                    /usr/lib/jvm/java-6-openjdk-amd64/jre/lib/rt.jar
7f26f876f000-7f26f982b000 rw-p 00000000 00:00 0 
7f26f982b000-7f26f982c000 ---p 00000000 00:00 0 
7f26f982c000-7f26f992c000 rw-p 00000000 00:00 0                          [stack:16417]
7f26f992c000-7f26f992d000 ---p 00000000 00:00 0 
7f26f992d000-7f26f9a2d000 rw-p 00000000 00:00 0                          [stack:16416]
7f26f9a2d000-7f26f9a2e000 ---p 00000000 00:00 0 
7f26f9a2e000-7f26f9b2e000 rw-p 00000000 00:00 0                          [stack:16415]
7f26f9b2e000-7f26f9b2f000 ---p 00000000 00:00 0 
7f26f9b2f000-7f26f9c2f000 rw-p 00000000 00:00 0                          [stack:16414]
7f26f9c2f000-7f26f9c30000 ---p 00000000 00:00 0 
7f26f9c30000-7f26f9d30000 rw-p 00000000 00:00 0                          [stack:16413]
7f26f9d30000-7f26f9d31000 ---p 00000000 00:00 0 
7f26f9d31000-7f26f9e31000 rw-p 00000000 00:00 0                          [stack:16412]
7f26f9e31000-7f26f9e32000 ---p 00000000 00:00 0 
7f26f9e32000-7f26f9f32000 rw-p 00000000 00:00 0                          [stack:16411]
7f26f9f32000-7f26f9f33000 ---p 00000000 00:00 0 
7f26f9f33000-7f26fa064000 rw-p 00000000 00:00 0                          [stack:16410]
7f26fa064000-7f26fa2c6000 rw-p 00000000 00:00 0 
7f26fa2c6000-7f26fa2e2000 rw-p 00000000 00:00 0 
7f26fa2e2000-7f26fa2e5000 ---p 00000000 00:00 0 
7f26fa2e5000-7f26fa319000 rw-p 00000000 00:00 0 
7f26fa319000-7f26fa34a000 rw-p 00000000 00:00 0 
7f26fa34a000-7f26fa5ab000 rw-p 00000000 00:00 0 
7f26fa5ab000-7f26fa666000 rw-p 00000000 00:00 0 
7f26fa666000-7f26fa69c000 ---p 00000000 00:00 0 
7f26fa69c000-7f26fa6f5000 rw-p 00000000 00:00 0 
7f26fa6f5000-7f26fa705000 rw-p 00000000 00:00 0 
7f26fa705000-7f26fa7b6000 rw-p 00000000 00:00 0 
7f26fa7b6000-7f26fa7bd000 r-xp 00000000 08:02 8013996                    /usr/lib/jvm/java-6-openjdk-amd64/jre/lib/amd64/libzip.so
7f26fa7bd000-7f26fa9bc000 ---p 00007000 08:02 8013996                    /usr/lib/jvm/java-6-openjdk-amd64/jre/lib/amd64/libzip.so
7f26fa9bc000-7f26fa9bd000 r--p 00006000 08:02 8013996                    /usr/lib/jvm/java-6-openjdk-amd64/jre/lib/amd64/libzip.so
7f26fa9bd000-7f26fa9be000 rw-p 00007000 08:02 8013996                    /usr/lib/jvm/java-6-openjdk-amd64/jre/lib/amd64/libzip.so
7f26fa9be000-7f26fa9ca000 r-xp 00000000 08:02 26397043                   /lib/x86_64-linux-gnu/libnss_files-2.15.so
7f26fa9ca000-7f26fabc9000 ---p 0000c000 08:02 26397043                   /lib/x86_64-linux-gnu/libnss_files-2.15.so
7f26fabc9000-7f26fabca000 r--p 0000b000 08:02 26397043                   /lib/x86_64-linux-gnu/libnss_files-2.15.so
7f26fabca000-7f26fabcb000 rw-p 0000c000 08:02 26397043                   /lib/x86_64-linux-gnu/libnss_files-2.15.so
7f26fabcb000-7f26fabd5000 r-xp 00000000 08:02 26397047                   /lib/x86_64-linux-gnu/libnss_nis-2.15.so
7f26fabd5000-7f26fadd5000 ---p 0000a000 08:02 26397047                   /lib/x86_64-linux-gnu/libnss_nis-2.15.so
7f26fadd5000-7f26fadd6000 r--p 0000a000 08:02 26397047                   /lib/x86_64-linux-gnu/libnss_nis-2.15.so
7f26fadd6000-7f26fadd7000 rw-p 0000b000 08:02 26397047                   /lib/x86_64-linux-gnu/libnss_nis-2.15.so
7f26fadd7000-7f26fadee000 r-xp 00000000 08:02 26400886                   /lib/x86_64-linux-gnu/libnsl-2.15.so
7f26fadee000-7f26fafed000 ---p 00017000 08:02 26400886                   /lib/x86_64-linux-gnu/libnsl-2.15.so
7f26fafed000-7f26fafee000 r--p 00016000 08:02 26400886                   /lib/x86_64-linux-gnu/libnsl-2.15.so
7f26fafee000-7f26fafef000 rw-p 00017000 08:02 26400886                   /lib/x86_64-linux-gnu/libnsl-2.15.so
7f26fafef000-7f26faff1000 rw-p 00000000 00:00 0 
7f26faff1000-7f26faff9000 r-xp 00000000 08:02 26397041                   /lib/x86_64-linux-gnu/libnss_compat-2.15.so
7f26faff9000-7f26fb1f8000 ---p 00008000 08:02 26397041                   /lib/x86_64-linux-gnu/libnss_compat-2.15.so
7f26fb1f8000-7f26fb1f9000 r--p 00007000 08:02 26397041                   /lib/x86_64-linux-gnu/libnss_compat-2.15.so
7f26fb1f9000-7f26fb1fa000 rw-p 00008000 08:02 26397041                   /lib/x86_64-linux-gnu/libnss_compat-2.15.so
7f26fb1fa000-7f26fb227000 r-xp 00000000 08:02 8013993                    /usr/lib/jvm/java-6-openjdk-amd64/jre/lib/amd64/libjava.so
7f26fb227000-7f26fb426000 ---p 0002d000 08:02 8013993                    /usr/lib/jvm/java-6-openjdk-amd64/jre/lib/amd64/libjava.so
7f26fb426000-7f26fb427000 r--p 0002c000 08:02 8013993                    /usr/lib/jvm/java-6-openjdk-amd64/jre/lib/amd64/libjava.so
7f26fb427000-7f26fb42a000 rw-p 0002d000 08:02 8013993                    /usr/lib/jvm/java-6-openjdk-amd64/jre/lib/amd64/libjava.so
7f26fb42a000-7f26fb438000 r-xp 00000000 08:02 8014024                    /usr/lib/jvm/java-6-openjdk-amd64/jre/lib/amd64/libverify.so
7f26fb438000-7f26fb637000 ---p 0000e000 08:02 8014024                    /usr/lib/jvm/java-6-openjdk-amd64/jre/lib/amd64/libverify.so
7f26fb637000-7f26fb639000 r--p 0000d000 08:02 8014024                    /usr/lib/jvm/java-6-openjdk-amd64/jre/lib/amd64/libverify.so
7f26fb639000-7f26fb63a000 rw-p 0000f000 08:02 8014024                    /usr/lib/jvm/java-6-openjdk-amd64/jre/lib/amd64/libverify.so
7f26fb63a000-7f26fb641000 r-xp 00000000 08:02 26397046                   /lib/x86_64-linux-gnu/librt-2.15.so
7f26fb641000-7f26fb840000 ---p 00007000 08:02 26397046                   /lib/x86_64-linux-gnu/librt-2.15.so
7f26fb840000-7f26fb841000 r--p 00006000 08:02 26397046                   /lib/x86_64-linux-gnu/librt-2.15.so
7f26fb841000-7f26fb842000 rw-p 00007000 08:02 26397046                   /lib/x86_64-linux-gnu/librt-2.15.so
7f26fb842000-7f26fb845000 ---p 00000000 00:00 0 
7f26fb845000-7f26fb943000 rw-p 00000000 00:00 0                          [stack:16409]
7f26fb943000-7f26fb958000 r-xp 00000000 08:02 26400698                   /lib/x86_64-linux-gnu/libgcc_s.so.1
7f26fb958000-7f26fbb57000 ---p 00015000 08:02 26400698                   /lib/x86_64-linux-gnu/libgcc_s.so.1
7f26fbb57000-7f26fbb58000 r--p 00014000 08:02 26400698                   /lib/x86_64-linux-gnu/libgcc_s.so.1
7f26fbb58000-7f26fbb59000 rw-p 00015000 08:02 26400698                   /lib/x86_64-linux-gnu/libgcc_s.so.1
7f26fbb59000-7f26fbc54000 r-xp 00000000 08:02 26397050                   /lib/x86_64-linux-gnu/libm-2.15.so
7f26fbc54000-7f26fbe53000 ---p 000fb000 08:02 26397050                   /lib/x86_64-linux-gnu/libm-2.15.so
7f26fbe53000-7f26fbe54000 r--p 000fa000 08:02 26397050                   /lib/x86_64-linux-gnu/libm-2.15.so
7f26fbe54000-7f26fbe55000 rw-p 000fb000 08:02 26397050                   /lib/x86_64-linux-gnu/libm-2.15.so
7f26fbe55000-7f26fbf37000 r-xp 00000000 08:02 3947486                    /usr/lib/x86_64-linux-gnu/libstdc++.so.6.0.16
7f26fbf37000-7f26fc136000 ---p 000e2000 08:02 3947486                    /usr/lib/x86_64-linux-gnu/libstdc++.so.6.0.16
7f26fc136000-7f26fc13e000 r--p 000e1000 08:02 3947486                    /usr/lib/x86_64-linux-gnu/libstdc++.so.6.0.16
7f26fc13e000-7f26fc140000 rw-p 000e9000 08:02 3947486                    /usr/lib/x86_64-linux-gnu/libstdc++.so.6.0.16
7f26fc140000-7f26fc155000 rw-p 00000000 00:00 0 
7f26fc155000-7f26fcb2a000 r-xp 00000000 08:02 8014005                    /usr/lib/jvm/java-6-openjdk-amd64/jre/lib/amd64/server/libjvm.so
7f26fcb2a000-7f26fcd2a000 ---p 009d5000 08:02 8014005                    /usr/lib/jvm/java-6-openjdk-amd64/jre/lib/amd64/server/libjvm.so
7f26fcd2a000-7f26fcda9000 r--p 009d5000 08:02 8014005                    /usr/lib/jvm/java-6-openjdk-amd64/jre/lib/amd64/server/libjvm.so
7f26fcda9000-7f26fcdcc000 rw-p 00a54000 08:02 8014005                    /usr/lib/jvm/java-6-openjdk-amd64/jre/lib/amd64/server/libjvm.so
7f26fcdcc000-7f26fcdf6000 rw-p 00000000 00:00 0 
7f26fcdf6000-7f26fce0c000 r-xp 00000000 08:02 26400788                   /lib/x86_64-linux-gnu/libz.so.1.2.3.4
7f26fce0c000-7f26fd00b000 ---p 00016000 08:02 26400788                   /lib/x86_64-linux-gnu/libz.so.1.2.3.4
7f26fd00b000-7f26fd00c000 r--p 00015000 08:02 26400788                   /lib/x86_64-linux-gnu/libz.so.1.2.3.4
7f26fd00c000-7f26fd00d000 rw-p 00016000 08:02 26400788                   /lib/x86_64-linux-gnu/libz.so.1.2.3.4
7f26fd00d000-7f26fd1c2000 r-xp 00000000 08:02 26396939                   /lib/x86_64-linux-gnu/libc-2.15.so
7f26fd1c2000-7f26fd3c2000 ---p 001b5000 08:02 26396939                   /lib/x86_64-linux-gnu/libc-2.15.so
7f26fd3c2000-7f26fd3c6000 r--p 001b5000 08:02 26396939                   /lib/x86_64-linux-gnu/libc-2.15.so
7f26fd3c6000-7f26fd3c8000 rw-p 001b9000 08:02 26396939                   /lib/x86_64-linux-gnu/libc-2.15.so
7f26fd3c8000-7f26fd3cd000 rw-p 00000000 00:00 0 
7f26fd3cd000-7f26fd3cf000 r-xp 00000000 08:02 26397054                   /lib/x86_64-linux-gnu/libdl-2.15.so
7f26fd3cf000-7f26fd5cf000 ---p 00002000 08:02 26397054                   /lib/x86_64-linux-gnu/libdl-2.15.so
7f26fd5cf000-7f26fd5d0000 r--p 00002000 08:02 26397054                   /lib/x86_64-linux-gnu/libdl-2.15.so
7f26fd5d0000-7f26fd5d1000 rw-p 00003000 08:02 26397054                   /lib/x86_64-linux-gnu/libdl-2.15.so
7f26fd5d1000-7f26fd5d5000 r-xp 00000000 08:02 8014016                    /usr/lib/jvm/java-6-openjdk-amd64/jre/lib/amd64/jli/libjli.so
7f26fd5d5000-7f26fd7d4000 ---p 00004000 08:02 8014016                    /usr/lib/jvm/java-6-openjdk-amd64/jre/lib/amd64/jli/libjli.so
7f26fd7d4000-7f26fd7d5000 r--p 00003000 08:02 8014016                    /usr/lib/jvm/java-6-openjdk-amd64/jre/lib/amd64/jli/libjli.so
7f26fd7d5000-7f26fd7d6000 rw-p 00004000 08:02 8014016                    /usr/lib/jvm/java-6-openjdk-amd64/jre/lib/amd64/jli/libjli.so
7f26fd7d6000-7f26fd7ee000 r-xp 00000000 08:02 26397048                   /lib/x86_64-linux-gnu/libpthread-2.15.so
7f26fd7ee000-7f26fd9ed000 ---p 00018000 08:02 26397048                   /lib/x86_64-linux-gnu/libpthread-2.15.so
7f26fd9ed000-7f26fd9ee000 r--p 00017000 08:02 26397048                   /lib/x86_64-linux-gnu/libpthread-2.15.so
7f26fd9ee000-7f26fd9ef000 rw-p 00018000 08:02 26397048                   /lib/x86_64-linux-gnu/libpthread-2.15.so
7f26fd9ef000-7f26fd9f3000 rw-p 00000000 00:00 0 
7f26fd9f3000-7f26fda15000 r-xp 00000000 08:02 26397051                   /lib/x86_64-linux-gnu/ld-2.15.so
7f26fda15000-7f26fda17000 r--s 0000c000 08:02 4211796                    /usr/share/java/commons-logging-1.1.1.jar
7f26fda17000-7f26fda1e000 r--s 0004e000 08:02 8142751                    /usr/share/maven-repo/commons-configuration/commons-configuration/1.7/commons-configuration-1.7.jar
7f26fda1e000-7f26fda21000 r--s 00011000 08:02 4211989                    /usr/share/java/commons-codec-1.5.jar
7f26fda21000-7f26fda22000 r--s 00007000 08:02 4211710                    /usr/share/java/java-atk-wrapper.jar
7f26fda22000-7f26fda66000 rw-p 00000000 00:00 0 
7f26fda66000-7f26fda69000 ---p 00000000 00:00 0 
7f26fda69000-7f26fda9d000 rw-p 00000000 00:00 0 
7f26fda9d000-7f26fdaa1000 rw-p 00000000 00:00 0 
7f26fdaa1000-7f26fdae5000 r-xp 00000000 08:02 788431                     /opt/eset/esets/lib/libesets_pac.so
7f26fdae5000-7f26fdbe4000 ---p 00044000 08:02 788431                     /opt/eset/esets/lib/libesets_pac.so
7f26fdbe4000-7f26fdbe7000 rw-p 00043000 08:02 788431                     /opt/eset/esets/lib/libesets_pac.so
7f26fdbe7000-7f26fdbfa000 rw-p 00000000 00:00 0 
7f26fdbfa000-7f26fdbfd000 r--s 00031000 08:02 8013958                    /usr/lib/jvm/java-6-openjdk-common/jre/lib/ext/sunjce_provider.jar
7f26fdbfd000-7f26fdc00000 r--s 00077000 08:02 8013956                    /usr/lib/jvm/java-6-openjdk-common/jre/lib/ext/localedata.jar
7f26fdc00000-7f26fdc02000 r--s 00001000 08:02 8013959                    /usr/lib/jvm/java-6-openjdk-common/jre/lib/ext/dnsns.jar
7f26fdc02000-7f26fdc06000 r--s 00039000 08:02 8013957                    /usr/lib/jvm/java-6-openjdk-common/jre/lib/ext/sunpkcs11.jar
7f26fdc06000-7f26fdc08000 r--s 0000f000 08:02 8013960                    /usr/lib/jvm/java-6-openjdk-common/jre/lib/ext/pulse-java.jar
7f26fdc08000-7f26fdc10000 rw-s 00000000 08:02 14314793                   /tmp/hsperfdata_root/16408
7f26fdc10000-7f26fdc11000 rw-p 00000000 00:00 0 
7f26fdc11000-7f26fdc12000 r--p 00000000 00:00 0 
7f26fdc12000-7f26fdc15000 rw-p 00000000 00:00 0 
7f26fdc15000-7f26fdc16000 r--p 00022000 08:02 26397051                   /lib/x86_64-linux-gnu/ld-2.15.so
7f26fdc16000-7f26fdc18000 rw-p 00023000 08:02 26397051                   /lib/x86_64-linux-gnu/ld-2.15.so
7fffc1784000-7fffc17a5000 rw-p 00000000 00:00 0                          [stack]
7fffc17fe000-7fffc1800000 r-xp 00000000 00:00 0                          [vdso]
ffffffffff600000-ffffffffff601000 r-xp 00000000 00:00 0                  [vsyscall]

VM Arguments:
jvm_args: -Duser.dir=/home/dev/.paros 
java_command: org.parosproxy.paros.Paros
Launcher Type: SUN_STANDARD

Environment Variables:
PATH=/home/dev/.rvm/gems/ruby-1.9.2-p320/bin:/home/dev/.rvm/gems/ruby-1.9.2-p320@global/bin:/home/dev/.rvm/rubies/ruby-1.9.2-p320/bin:/home/dev/libs/sbt/bin:/home/dev/libs/play-2.1.1:/usr/lib/lightdm/lightdm:/usr/local/sbin:/usr/local/bin:/usr/sbin:/usr/bin:/sbin:/bin:/usr/games:/home/dev/utilities:/home/dev/.rvm/bin:/home/dev/bin:/home/dev/bin
USERNAME=root
LD_LIBRARY_PATH=/usr/lib/jvm/java-6-openjdk-amd64/jre/lib/amd64/server:/usr/lib/jvm/java-6-openjdk-amd64/jre/lib/amd64:/usr/lib/jvm/java-6-openjdk-amd64/jre/../lib/amd64
SHELL=/bin/bash
DISPLAY=:0

Signal Handlers:
SIGSEGV: [libjvm.so+0x83cfe0], sa_mask[0]=0x7ffbfeff, sa_flags=0x10000004
SIGBUS: [libjvm.so+0x83cfe0], sa_mask[0]=0x7ffbfeff, sa_flags=0x10000004
SIGFPE: [libjvm.so+0x6dddf0], sa_mask[0]=0x7ffbfeff, sa_flags=0x10000004
SIGPIPE: SIG_IGN, sa_mask[0]=0x00000000, sa_flags=0x00000000
SIGXFSZ: [libjvm.so+0x6dddf0], sa_mask[0]=0x7ffbfeff, sa_flags=0x10000004
SIGILL: [libjvm.so+0x6dddf0], sa_mask[0]=0x7ffbfeff, sa_flags=0x10000004
SIGUSR1: SIG_DFL, sa_mask[0]=0x00000000, sa_flags=0x00000000
SIGUSR2: [libjvm.so+0x6de230], sa_mask[0]=0x00000000, sa_flags=0x10000004
SIGHUP: [libjvm.so+0x6de370], sa_mask[0]=0x7ffbfeff, sa_flags=0x10000004
SIGINT: [libjvm.so+0x6de370], sa_mask[0]=0x7ffbfeff, sa_flags=0x10000004
SIGTERM: [libjvm.so+0x6de370], sa_mask[0]=0x7ffbfeff, sa_flags=0x10000004
SIGQUIT: [libjvm.so+0x6de370], sa_mask[0]=0x7ffbfeff, sa_flags=0x10000004


---------------  S Y S T E M  ---------------

OS:Ubuntu 12.04 (precise)
uname:Linux 3.8.0-35-generic #52~precise1-Ubuntu SMP Thu Jan 30 17:24:40 UTC 2014 x86_64
libc:glibc 2.15 NPTL 2.15 
rlimit: STACK 8192k, CORE 0k, NPROC 62656, NOFILE 4096, AS infinity
load average:0.35 0.62 0.78

/proc/meminfo:
MemTotal:        8090888 kB
MemFree:          780692 kB
Buffers:           84588 kB
Cached:          2122668 kB
SwapCached:        91248 kB
Active:          4357760 kB
Inactive:        2588268 kB
Active(anon):    3985060 kB
Inactive(anon):  1191292 kB
Active(file):     372700 kB
Inactive(file):  1396976 kB
Unevictable:          16 kB
Mlocked:              16 kB
SwapTotal:       8301564 kB
SwapFree:        7773876 kB
Dirty:               264 kB
Writeback:             0 kB
AnonPages:       4691560 kB
Mapped:           201428 kB
Shmem:            437468 kB
Slab:             175500 kB
SReclaimable:     125644 kB
SUnreclaim:        49856 kB
KernelStack:        6288 kB
PageTables:        65952 kB
NFS_Unstable:          0 kB
Bounce:                0 kB
WritebackTmp:          0 kB
CommitLimit:    12347008 kB
Committed_AS:   10330236 kB
VmallocTotal:   34359738367 kB
VmallocUsed:      426144 kB
VmallocChunk:   34359306716 kB
HardwareCorrupted:     0 kB
AnonHugePages:         0 kB
HugePages_Total:       0
HugePages_Free:        0
HugePages_Rsvd:        0
HugePages_Surp:        0
Hugepagesize:       2048 kB
DirectMap4k:       90112 kB
DirectMap2M:     8222720 kB


CPU:total 8 (4 cores per cpu, 2 threads per core) family 6 model 58 stepping 9, cmov, cx8, fxsr, mmx, sse, sse2, sse3, ssse3, sse4.1, sse4.2, popcnt, avx, ht, tsc, tscinvbit, tscinv

/proc/cpuinfo:
processor	: 0
vendor_id	: GenuineIntel
cpu family	: 6
model		: 58
model name	: Intel(R) Core(TM) i7-3632QM CPU @ 2.20GHz
stepping	: 9
microcode	: 0x12
cpu MHz		: 2201.000
cache size	: 6144 KB
physical id	: 0
siblings	: 8
core id		: 0
cpu cores	: 4
apicid		: 0
initial apicid	: 0
fpu		: yes
fpu_exception	: yes
cpuid level	: 13
wp		: yes
flags		: fpu vme de pse tsc msr pae mce cx8 apic sep mtrr pge mca cmov pat pse36 clflush dts acpi mmx fxsr sse sse2 ss ht tm pbe syscall nx rdtscp lm constant_tsc arch_perfmon pebs bts rep_good nopl xtopology nonstop_tsc aperfmperf eagerfpu pni pclmulqdq dtes64 monitor ds_cpl vmx est tm2 ssse3 cx16 xtpr pdcm pcid sse4_1 sse4_2 x2apic popcnt tsc_deadline_timer aes xsave avx f16c rdrand lahf_lm ida arat epb xsaveopt pln pts dtherm tpr_shadow vnmi flexpriority ept vpid fsgsbase smep erms
bogomips	: 4389.82
clflush size	: 64
cache_alignment	: 64
address sizes	: 36 bits physical, 48 bits virtual
power management:

processor	: 1
vendor_id	: GenuineIntel
cpu family	: 6
model		: 58
model name	: Intel(R) Core(TM) i7-3632QM CPU @ 2.20GHz
stepping	: 9
microcode	: 0x12
cpu MHz		: 1200.000
cache size	: 6144 KB
physical id	: 0
siblings	: 8
core id		: 0
cpu cores	: 4
apicid		: 1
initial apicid	: 1
fpu		: yes
fpu_exception	: yes
cpuid level	: 13
wp		: yes
flags		: fpu vme de pse tsc msr pae mce cx8 apic sep mtrr pge mca cmov pat pse36 clflush dts acpi mmx fxsr sse sse2 ss ht tm pbe syscall nx rdtscp lm constant_tsc arch_perfmon pebs bts rep_good nopl xtopology nonstop_tsc aperfmperf eagerfpu pni pclmulqdq dtes64 monitor ds_cpl vmx est tm2 ssse3 cx16 xtpr pdcm pcid sse4_1 sse4_2 x2apic popcnt tsc_deadline_timer aes xsave avx f16c rdrand lahf_lm ida arat epb xsaveopt pln pts dtherm tpr_shadow vnmi flexpriority ept vpid fsgsbase smep erms
bogomips	: 4389.82
clflush size	: 64
cache_alignment	: 64
address sizes	: 36 bits physical, 48 bits virtual
power management:

processor	: 2
vendor_id	: GenuineIntel
cpu family	: 6
model		: 58
model name	: Intel(R) Core(TM) i7-3632QM CPU @ 2.20GHz
stepping	: 9
microcode	: 0x12
cpu MHz		: 1200.000
cache size	: 6144 KB
physical id	: 0
siblings	: 8
core id		: 1
cpu cores	: 4
apicid		: 2
initial apicid	: 2
fpu		: yes
fpu_exception	: yes
cpuid level	: 13
wp		: yes
flags		: fpu vme de pse tsc msr pae mce cx8 apic sep mtrr pge mca cmov pat pse36 clflush dts acpi mmx fxsr sse sse2 ss ht tm pbe syscall nx rdtscp lm constant_tsc arch_perfmon pebs bts rep_good nopl xtopology nonstop_tsc aperfmperf eagerfpu pni pclmulqdq dtes64 monitor ds_cpl vmx est tm2 ssse3 cx16 xtpr pdcm pcid sse4_1 sse4_2 x2apic popcnt tsc_deadline_timer aes xsave avx f16c rdrand lahf_lm ida arat epb xsaveopt pln pts dtherm tpr_shadow vnmi flexpriority ept vpid fsgsbase smep erms
bogomips	: 4389.82
clflush size	: 64
cache_alignment	: 64
address sizes	: 36 bits physical, 48 bits virtual
power management:

processor	: 3
vendor_id	: GenuineIntel
cpu family	: 6
model		: 58
model name	: Intel(R) Core(TM) i7-3632QM CPU @ 2.20GHz
stepping	: 9
microcode	: 0x12
cpu MHz		: 1200.000
cache size	: 6144 KB
physical id	: 0
siblings	: 8
core id		: 1
cpu cores	: 4
apicid		: 3
initial apicid	: 3
fpu		: yes
fpu_exception	: yes
cpuid level	: 13
wp		: yes
flags		: fpu vme de pse tsc msr pae mce cx8 apic sep mtrr pge mca cmov pat pse36 clflush dts acpi mmx fxsr sse sse2 ss ht tm pbe syscall nx rdtscp lm constant_tsc arch_perfmon pebs bts rep_good nopl xtopology nonstop_tsc aperfmperf eagerfpu pni pclmulqdq dtes64 monitor ds_cpl vmx est tm2 ssse3 cx16 xtpr pdcm pcid sse4_1 sse4_2 x2apic popcnt tsc_deadline_timer aes xsave avx f16c rdrand lahf_lm ida arat epb xsaveopt pln pts dtherm tpr_shadow vnmi flexpriority ept vpid fsgsbase smep erms
bogomips	: 4389.82
clflush size	: 64
cache_alignment	: 64
address sizes	: 36 bits physical, 48 bits virtual
power management:

processor	: 4
vendor_id	: GenuineIntel
cpu family	: 6
model		: 58
model name	: Intel(R) Core(TM) i7-3632QM CPU @ 2.20GHz
stepping	: 9
microcode	: 0x12
cpu MHz		: 2201.000
cache size	: 6144 KB
physical id	: 0
siblings	: 8
core id		: 2
cpu cores	: 4
apicid		: 4
initial apicid	: 4
fpu		: yes
fpu_exception	: yes
cpuid level	: 13
wp		: yes
flags		: fpu vme de pse tsc msr pae mce cx8 apic sep mtrr pge mca cmov pat pse36 clflush dts acpi mmx fxsr sse sse2 ss ht tm pbe syscall nx rdtscp lm constant_tsc arch_perfmon pebs bts rep_good nopl xtopology nonstop_tsc aperfmperf eagerfpu pni pclmulqdq dtes64 monitor ds_cpl vmx est tm2 ssse3 cx16 xtpr pdcm pcid sse4_1 sse4_2 x2apic popcnt tsc_deadline_timer aes xsave avx f16c rdrand lahf_lm ida arat epb xsaveopt pln pts dtherm tpr_shadow vnmi flexpriority ept vpid fsgsbase smep erms
bogomips	: 4389.82
clflush size	: 64
cache_alignment	: 64
address sizes	: 36 bits physical, 48 bits virtual
power management:

processor	: 5
vendor_id	: GenuineIntel
cpu family	: 6
model		: 58
model name	: Intel(R) Core(TM) i7-3632QM CPU @ 2.20GHz
stepping	: 9
microcode	: 0x12
cpu MHz		: 1200.000
cache size	: 6144 KB
physical id	: 0
siblings	: 8
core id		: 2
cpu cores	: 4
apicid		: 5
initial apicid	: 5
fpu		: yes
fpu_exception	: yes
cpuid level	: 13
wp		: yes
flags		: fpu vme de pse tsc msr pae mce cx8 apic sep mtrr pge mca cmov pat pse36 clflush dts acpi mmx fxsr sse sse2 ss ht tm pbe syscall nx rdtscp lm constant_tsc arch_perfmon pebs bts rep_good nopl xtopology nonstop_tsc aperfmperf eagerfpu pni pclmulqdq dtes64 monitor ds_cpl vmx est tm2 ssse3 cx16 xtpr pdcm pcid sse4_1 sse4_2 x2apic popcnt tsc_deadline_timer aes xsave avx f16c rdrand lahf_lm ida arat epb xsaveopt pln pts dtherm tpr_shadow vnmi flexpriority ept vpid fsgsbase smep erms
bogomips	: 4389.82
clflush size	: 64
cache_alignment	: 64
address sizes	: 36 bits physical, 48 bits virtual
power management:

processor	: 6
vendor_id	: GenuineIntel
cpu family	: 6
model		: 58
model name	: Intel(R) Core(TM) i7-3632QM CPU @ 2.20GHz
stepping	: 9
microcode	: 0x12
cpu MHz		: 1200.000
cache size	: 6144 KB
physical id	: 0
siblings	: 8
core id		: 3
cpu cores	: 4
apicid		: 6
initial apicid	: 6
fpu		: yes
fpu_exception	: yes
cpuid level	: 13
wp		: yes
flags		: fpu vme de pse tsc msr pae mce cx8 apic sep mtrr pge mca cmov pat pse36 clflush dts acpi mmx fxsr sse sse2 ss ht tm pbe syscall nx rdtscp lm constant_tsc arch_perfmon pebs bts rep_good nopl xtopology nonstop_tsc aperfmperf eagerfpu pni pclmulqdq dtes64 monitor ds_cpl vmx est tm2 ssse3 cx16 xtpr pdcm pcid sse4_1 sse4_2 x2apic popcnt tsc_deadline_timer aes xsave avx f16c rdrand lahf_lm ida arat epb xsaveopt pln pts dtherm tpr_shadow vnmi flexpriority ept vpid fsgsbase smep erms
bogomips	: 4389.82
clflush size	: 64
cache_alignment	: 64
address sizes	: 36 bits physical, 48 bits virtual
power management:

processor	: 7
vendor_id	: GenuineIntel
cpu family	: 6
model		: 58
model name	: Intel(R) Core(TM) i7-3632QM CPU @ 2.20GHz
stepping	: 9
microcode	: 0x12
cpu MHz		: 1200.000
cache size	: 6144 KB
physical id	: 0
siblings	: 8
core id		: 3
cpu cores	: 4
apicid		: 7
initial apicid	: 7
fpu		: yes
fpu_exception	: yes
cpuid level	: 13
wp		: yes
flags		: fpu vme de pse tsc msr pae mce cx8 apic sep mtrr pge mca cmov pat pse36 clflush dts acpi mmx fxsr sse sse2 ss ht tm pbe syscall nx rdtscp lm constant_tsc arch_perfmon pebs bts rep_good nopl xtopology nonstop_tsc aperfmperf eagerfpu pni pclmulqdq dtes64 monitor ds_cpl vmx est tm2 ssse3 cx16 xtpr pdcm pcid sse4_1 sse4_2 x2apic popcnt tsc_deadline_timer aes xsave avx f16c rdrand lahf_lm ida arat epb xsaveopt pln pts dtherm tpr_shadow vnmi flexpriority ept vpid fsgsbase smep erms
bogomips	: 4389.82
clflush size	: 64
cache_alignment	: 64
address sizes	: 36 bits physical, 48 bits virtual
power management:



Memory: 4k page, physical 8090888k(780692k free), swap 8301564k(7773876k free)

vm_info: OpenJDK 64-Bit Server VM (23.25-b01) for linux-amd64 JRE (1.6.0_30-b30), built on Feb 25 2014 23:11:33 by "buildd" with gcc 4.6.3

time: Wed Jun 25 15:57:54 2014
elapsed time: 16067 seconds

